#
# A fatal error has been detected by the Java Runtime Environment:
#
#  SIGSEGV (0xb) at pc=0x000000011fd100e8, pid=42913, tid=259
#
# JRE version: Java(TM) SE Runtime Environment (17.0.8+9) (build 17.0.8+9-LTS-211)
# Java VM: Java HotSpot(TM) 64-Bit Server VM (17.0.8+9-LTS-211, mixed mode, sharing, tiered, compressed oops, compressed class ptrs, g1 gc, bsd-aarch64)
# Problematic frame:
# C  [libglass.dylib+0x40e8]  -[GlassWindow(Overrides) windowDidResignKey:]+0xdc
#
# No core dump will be written. Core dumps have been disabled. To enable core dumping, try "ulimit -c unlimited" before starting Java again
#
# If you would like to submit a bug report, please visit:
#   https://bugreport.java.com/bugreport/crash.jsp
#

---------------  S U M M A R Y ------------

Command Line: -Dfile.encoding=UTF-8 -Duser.country=US -Duser.language=da -Duser.variant --module-path=/Users/hannahferny13/Documents/CSCI205/csci205_final_project/build/libs/csci205_final_project-0.1-SNAPSHOT.jar:/Users/hannahferny13/Documents/CSCI205/csci205_final_project/build/classes/java/main:/Users/hannahferny13/.gradle/caches/modules-2/files-2.1/org.openjfx/javafx-fxml/17/9ba33b0d9c19e9dcfd76fe7d95748a933e09b3b/javafx-fxml-17-mac-aarch64.jar:/Users/hannahferny13/.gradle/caches/modules-2/files-2.1/org.openjfx/javafx-controls/17/2254b351c1e6ce2ac9adcd3480fed883cebbb08b/javafx-controls-17-mac-aarch64.jar:/Users/hannahferny13/.gradle/caches/modules-2/files-2.1/org.openjfx/javafx-graphics/17/b6326f61f7e0effbf733d62e83b8317eb8e768b4/javafx-graphics-17-mac-aarch64.jar:/Users/hannahferny13/.gradle/caches/modules-2/files-2.1/org.openjfx/javafx-base/17/d77b645fa3e1a6270783178541944e4b4a457cd2/javafx-base-17-mac-aarch64.jar -Djdk.module.main=csci205_final_project csci205_final_project/org.team11.GameController.GameMain

Host: "MacBookPro18,3" arm64 1 MHz, 8 cores, 16G, Darwin 22.2.0, macOS 13.1 (22C65)
Time: Sun Apr 28 17:21:59 2024 EDT elapsed time: 55.265445 seconds (0d 0h 0m 55s)

---------------  T H R E A D  ---------------

Current thread is native thread

Stack: [0x000000016d2a0000,0x000000016da9c000],  sp=0x000000016da97c60,  free space=8159k
Native frames: (J=compiled Java code, j=interpreted, Vv=VM code, C=native code)
C  [libglass.dylib+0x40e8]  -[GlassWindow(Overrides) windowDidResignKey:]+0xdc
C  [CoreFoundation+0x76570]  __CFNOTIFICATIONCENTER_IS_CALLING_OUT_TO_AN_OBSERVER__+0x94
C  [CoreFoundation+0x114054]  ___CFXRegistrationPost_block_invoke+0x58
C  [CoreFoundation+0x113f9c]  _CFXRegistrationPost+0x1b8
C  [CoreFoundation+0x47b74]  _CFXNotificationPost+0x2c4
C  [Foundation+0x972c]  -[NSNotificationCenter postNotificationName:object:userInfo:]+0x58
C  [AppKit+0x1967cc]  -[NSWindow resignKeyWindow]+0x284
C  [AppKit+0x819c40]  -[NSWindow _orderOut:calculatingKeyWithOptions:documentWindow:]+0x108
C  [AppKit+0x7c528]  NSPerformVisuallyAtomicChange+0x6c
C  [AppKit+0x81b55c]  -[NSWindow _reallyDoOrderWindowOutRelativeTo:]+0x1e8
C  [AppKit+0x81b8a8]  -[NSWindow _reallyDoOrderWindow:]+0x50
C  [AppKit+0x81baf8]  -[NSWindow _doOrderWindow:]+0x108
C  [AppKit+0x8177f4]  -[NSWindow _finishClosingWindow]+0xec
C  [AppKit+0x2c7cb4]  -[NSWindow _close]+0x114
C  [libglass.dylib+0x1b748]  -[GlassWindow_Normal close]+0x54
C  [Foundation+0x79b30]  __NSThreadPerformPerform+0x108
C  [CoreFoundation+0x81a18]  __CFRUNLOOP_IS_CALLING_OUT_TO_A_SOURCE0_PERFORM_FUNCTION__+0x1c
C  [CoreFoundation+0x819ac]  __CFRunLoopDoSource0+0xb0
C  [CoreFoundation+0x8177c]  __CFRunLoopDoSources0+0x154
C  [CoreFoundation+0x80320]  __CFRunLoopRun+0x344
C  [CoreFoundation+0x7f888]  CFRunLoopRunSpecific+0x264
C  [libjli.dylib+0x9384]  CreateExecutionEnvironment+0x190
C  [libjli.dylib+0x5594]  JLI_Launch+0x4a0
C  [java+0x3bac]  main+0x190
C  [dyld+0x5e50]  start+0x9f0


siginfo: si_signo: 11 (SIGSEGV), si_code: 2 (SEGV_ACCERR), si_addr: 0x0000000000000000

Registers:
 x0=0x0000000000000000  x1=0x0000000102443200  x2=0x000000013028ac00  x3=0x0000000000000003
 x4=0xffffffffffff5ec8  x5=0x0000000000000016  x6=0x0000000000000600  x7=0x0000000000000000
 x8=0x0000000000000103  x9=0x0000000000000103 x10=0x0000000000bf3d01 x11=0x000000000074aa00
x12=0x00000001300081f8 x13=0x00000000ffff8003 x14=0x0000000000001415 x15=0x00000000ffff7dff
x16=0x000000032073012c x17=0x00000001a9f2e764 x18=0x0000000000000000 x19=0x000060000020de60
x20=0x000000013028a000 x21=0x0000000000000000 x22=0x000000011fd52910 x23=0x000000013028a0c8
x24=0x0000000000000000 x25=0x0000000000041400 x26=0x0000000000000000 x27=0x00000109000000ab
x28=0x000000016da98168  fp=0x000000016da980b0  lr=0xe04c00011fd100e4  sp=0x000000016da97c60
pc=0x000000011fd100e8 cpsr=0x0000000060001000
Top of Stack: (sp=0x000000016da97c60)
0x000000016da97c60:   000000011fd42400 000000011fd42380
0x000000016da97c70:   0000000000000060 000000011fd100a8
0x000000016da97c80:   00000001aa19d570 00000001aa23b054
0x000000016da97c90:   00000001aa23af9c 00000001aa16eb74
0x000000016da97ca0:   00000001ab05c72c 00000001ad5857cc
0x000000016da97cb0:   00000001adc08c40 00000001ad46b528
0x000000016da97cc0:   00000001adc0a55c 00000001adc0a8a8
0x000000016da97cd0:   00000001adc0aaf8 00000001adc067f4
0x000000016da97ce0:   00000001ad6b6cb4 000000011fd27748
0x000000016da97cf0:   00000001ab0ccb30 00000001aa1a8a18
0x000000016da97d00:   00000001aa1a89ac 00000001aa1a877c
0x000000016da97d10:   00000001aa1a7320 00000001aa1a6888
0x000000016da97d20:   0000000102425384 0000000102421594
0x000000016da97d30:   0000000102367bac 00000001a9d9fe50
0x000000016da97d40:   0000000000000000 0000000000000000
0x000000016da97d50:   0000000000000000 0000000000000000
0x000000016da97d60:   0000000000000000 0000000000000000
0x000000016da97d70:   0000000000000000 0000000000000000
0x000000016da97d80:   0000000000000000 0000000000000000
0x000000016da97d90:   0000000000000000 0000000000000000
0x000000016da97da0:   0000000000000000 0000000000000000
0x000000016da97db0:   0000000000000000 0000000000000000
0x000000016da97dc0:   0000000000000000 0000000000000000
0x000000016da97dd0:   0000000000000000 0000000000000000
0x000000016da97de0:   000000016da97ee9 0000600001b313b8
0x000000016da97df0:   000060000256cec0 000000012f638218
0x000000016da97e00:   000000016da97e90 1e62d43b9f3a0024
0x000000016da97e10:   0000000000000000 0000000000000029
0x000000016da97e20:   00000002062e12c8 000000000000001b
0x000000016da97e30:   0000000000000029 000000012f663d60
0x000000016da97e40:   0000600003133900 0000600003ea79c0
0x000000016da97e50:   000000016da97e80 7e440001aa1305e0 

Instructions: (pc=0x000000011fd100e8)
0x000000011fd0ffe8:   eb08013f 540000e1 911083ff a9437bfd
0x000000011fd0fff8:   a9424ff4 a94157f6 a8c45ff8 d65f03c0
0x000000011fd10008:   9400af0a a9bc5ff8 a90157f6 a9024ff4
0x000000011fd10018:   a9037bfd 9100c3fd d11083ff d503201f
0x000000011fd10028:   581c07c8 f9400108 f81c83a8 d503201f
0x000000011fd10038:   d503201f 9820ec28 f8686808 b50006a8
0x000000011fd10048:   aa0003f3 d503201f 58203a41 9400afa5
0x000000011fd10058:   102145d6 d503201f f94002c0 b5000420
0x000000011fd10068:   d503201f 581c05e8 f9400100 52800c08
0x000000011fd10078:   f9000be8 10191828 d503201f 10191be9
0x000000011fd10088:   d503201f a90023e9 70191361 d503201f
0x000000011fd10098:   9400af01 910063e0 52801001 9400aeef
0x000000011fd100a8:   aa0003f5 910063e0 aa1503e1 9400aeee
0x000000011fd100b8:   aa0003f4 710006bf 540000eb 2a1503f5
0x000000011fd100c8:   aa1403f7 f84086e0 9400afd1 f10006b5
0x000000011fd100d8:   54ffffa1 aa1403e0 9400aef2 f94002c0
0x000000011fd100e8:   f9400008 f940f508 d503201f d503201f
0x000000011fd100f8:   9820e589 f8696a61 d503201f d503201f
0x000000011fd10108:   58214442 528043a9 f90003e9 d63f0100
0x000000011fd10118:   f85c83a8 d503201f 581c0009 f9400129
0x000000011fd10128:   eb08013f 540000e1 911083ff a9437bfd
0x000000011fd10138:   a9424ff4 a94157f6 a8c45ff8 d65f03c0
0x000000011fd10148:   9400aeba a9bc5ff8 a90157f6 a9024ff4
0x000000011fd10158:   a9037bfd 9100c3fd aa0003f3 d503201f
0x000000011fd10168:   d503201f 9820e215 f8756800 d503201f
0x000000011fd10178:   58203154 aa1403e1 9400af5a b4000100
0x000000011fd10188:   f8756a60 aa1403e1 9400af56 f8756a62
0x000000011fd10198:   d503201f 58203061 9400af52 f8756a60
0x000000011fd101a8:   d503201f 58203021 9400af4e aa0003f4
0x000000011fd101b8:   d503201f 58202ff5 aa1503e1 9400af49
0x000000011fd101c8:   b4000240 d2800016 d503201f 58202f77
0x000000011fd101d8:   d503201f 58202f78 aa1403e0 aa1703e1 



---------------  P R O C E S S  ---------------

VM state: at safepoint (normal execution)

VM Mutex/Monitor currently owned by a thread:  ([mutex/lock_event])
[0x00006000025359c0] Threads_lock - owner thread: 0x000000013080cd00
[0x0000600002535f40] Heap_lock - owner thread: 0x000000012e81c600

Heap address: 0x0000000700000000, size: 4096 MB, Compressed Oops mode: Zero based, Oop shift amount: 3

CDS archive(s) mapped at: [0x0000000600000000-0x0000000600be4000-0x0000000600be4000), size 12468224, SharedBaseAddress: 0x0000000600000000, ArchiveRelocationMode: 1.
Compressed class space mapped at: 0x0000000601000000-0x0000000641000000, reserved size: 1073741824
Narrow klass base: 0x0000000600000000, Narrow klass shift: 0, Narrow klass range: 0x100000000

GC Precious Log:
<Skipped>

Heap:
 garbage-first heap   total 266240K, used 106641K [0x0000000700000000, 0x0000000800000000)
  region size 2048K, 35 young (71680K), 5 survivors (10240K)
 Metaspace       used 17546K, committed 17792K, reserved 1114112K
  class space    used 2446K, committed 2560K, reserved 1048576K

Heap Regions: E=young(eden), S=young(survivor), O=old, HS=humongous(starts), HC=humongous(continues), CS=collection set, F=free, OA=open archive, CA=closed archive, TAMS=top-at-mark-start (previous, next)
|   0|0x0000000700000000, 0x0000000700200000, 0x0000000700200000|100%|HS|  |TAMS 0x0000000700000000, 0x0000000700000000| Complete 
|   1|0x0000000700200000, 0x00000007003f4000, 0x0000000700400000| 97%| O|  |TAMS 0x0000000700200000, 0x0000000700200000| Untracked 
|   2|0x0000000700400000, 0x0000000700600000, 0x0000000700600000|100%|HS|  |TAMS 0x0000000700400000, 0x0000000700400000| Complete 
|   3|0x0000000700600000, 0x0000000700800000, 0x0000000700800000|100%|HS|  |TAMS 0x0000000700600000, 0x0000000700600000| Complete 
|   4|0x0000000700800000, 0x0000000700800000, 0x0000000700a00000|  0%| F|  |TAMS 0x0000000700800000, 0x0000000700800000| Untracked 
|   5|0x0000000700a00000, 0x0000000700a00000, 0x0000000700c00000|  0%| F|  |TAMS 0x0000000700a00000, 0x0000000700a00000| Untracked 
|   6|0x0000000700c00000, 0x0000000700e00000, 0x0000000700e00000|100%|HS|  |TAMS 0x0000000700c00000, 0x0000000700c00000| Complete 
|   7|0x0000000700e00000, 0x0000000701000000, 0x0000000701000000|100%|HC|  |TAMS 0x0000000700e00000, 0x0000000700e00000| Complete 
|   8|0x0000000701000000, 0x0000000701200000, 0x0000000701200000|100%|HC|  |TAMS 0x0000000701000000, 0x0000000701000000| Complete 
|   9|0x0000000701200000, 0x0000000701400000, 0x0000000701400000|100%|HC|  |TAMS 0x0000000701200000, 0x0000000701200000| Complete 
|  10|0x0000000701400000, 0x0000000701600000, 0x0000000701600000|100%|HS|  |TAMS 0x0000000701400000, 0x0000000701400000| Complete 
|  11|0x0000000701600000, 0x0000000701800000, 0x0000000701800000|100%|HC|  |TAMS 0x0000000701600000, 0x0000000701600000| Complete 
|  12|0x0000000701800000, 0x0000000701a00000, 0x0000000701a00000|100%|HC|  |TAMS 0x0000000701800000, 0x0000000701800000| Complete 
|  13|0x0000000701a00000, 0x0000000701c00000, 0x0000000701c00000|100%|HC|  |TAMS 0x0000000701a00000, 0x0000000701a00000| Complete 
|  14|0x0000000701c00000, 0x0000000701e00000, 0x0000000701e00000|100%|HS|  |TAMS 0x0000000701c00000, 0x0000000701c00000| Complete 
|  15|0x0000000701e00000, 0x0000000702000000, 0x0000000702000000|100%|HC|  |TAMS 0x0000000701e00000, 0x0000000701e00000| Complete 
|  16|0x0000000702000000, 0x0000000702200000, 0x0000000702200000|100%|HC|  |TAMS 0x0000000702000000, 0x0000000702000000| Complete 
|  17|0x0000000702200000, 0x0000000702400000, 0x0000000702400000|100%|HC|  |TAMS 0x0000000702200000, 0x0000000702200000| Complete 
|  18|0x0000000702400000, 0x0000000702600000, 0x0000000702600000|100%| O|  |TAMS 0x0000000702400000, 0x0000000702400000| Untracked 
|  19|0x0000000702600000, 0x0000000702800000, 0x0000000702800000|100%| O|  |TAMS 0x0000000702600000, 0x0000000702600000| Untracked 
|  20|0x0000000702800000, 0x0000000702a00000, 0x0000000702a00000|100%| O|  |TAMS 0x0000000702800000, 0x0000000702800000| Untracked 
|  21|0x0000000702a00000, 0x0000000702a00000, 0x0000000702c00000|  0%| F|  |TAMS 0x0000000702a00000, 0x0000000702a00000| Untracked 
|  22|0x0000000702c00000, 0x0000000702c00000, 0x0000000702e00000|  0%| F|  |TAMS 0x0000000702c00000, 0x0000000702c00000| Untracked 
|  23|0x0000000702e00000, 0x0000000702e00000, 0x0000000703000000|  0%| F|  |TAMS 0x0000000702e00000, 0x0000000702e00000| Untracked 
|  24|0x0000000703000000, 0x0000000703000000, 0x0000000703200000|  0%| F|  |TAMS 0x0000000703000000, 0x0000000703000000| Untracked 
|  25|0x0000000703200000, 0x0000000703200000, 0x0000000703400000|  0%| F|  |TAMS 0x0000000703200000, 0x0000000703200000| Untracked 
|  26|0x0000000703400000, 0x0000000703400000, 0x0000000703600000|  0%| F|  |TAMS 0x0000000703400000, 0x0000000703400000| Untracked 
|  27|0x0000000703600000, 0x0000000703600000, 0x0000000703800000|  0%| F|  |TAMS 0x0000000703600000, 0x0000000703600000| Untracked 
|  28|0x0000000703800000, 0x0000000703800000, 0x0000000703a00000|  0%| F|  |TAMS 0x0000000703800000, 0x0000000703800000| Untracked 
|  29|0x0000000703a00000, 0x0000000703a00000, 0x0000000703c00000|  0%| F|  |TAMS 0x0000000703a00000, 0x0000000703a00000| Untracked 
|  30|0x0000000703c00000, 0x0000000703c00000, 0x0000000703e00000|  0%| F|  |TAMS 0x0000000703c00000, 0x0000000703c00000| Untracked 
|  31|0x0000000703e00000, 0x0000000703e00000, 0x0000000704000000|  0%| F|  |TAMS 0x0000000703e00000, 0x0000000703e00000| Untracked 
|  32|0x0000000704000000, 0x0000000704000000, 0x0000000704200000|  0%| F|  |TAMS 0x0000000704000000, 0x0000000704000000| Untracked 
|  33|0x0000000704200000, 0x0000000704200000, 0x0000000704400000|  0%| F|  |TAMS 0x0000000704200000, 0x0000000704200000| Untracked 
|  34|0x0000000704400000, 0x0000000704400000, 0x0000000704600000|  0%| F|  |TAMS 0x0000000704400000, 0x0000000704400000| Untracked 
|  35|0x0000000704600000, 0x0000000704600000, 0x0000000704800000|  0%| F|  |TAMS 0x0000000704600000, 0x0000000704600000| Untracked 
|  36|0x0000000704800000, 0x0000000704800000, 0x0000000704a00000|  0%| F|  |TAMS 0x0000000704800000, 0x0000000704800000| Untracked 
|  37|0x0000000704a00000, 0x0000000704a00000, 0x0000000704c00000|  0%| F|  |TAMS 0x0000000704a00000, 0x0000000704a00000| Untracked 
|  38|0x0000000704c00000, 0x0000000704c00000, 0x0000000704e00000|  0%| F|  |TAMS 0x0000000704c00000, 0x0000000704c00000| Untracked 
|  39|0x0000000704e00000, 0x0000000704e00000, 0x0000000705000000|  0%| F|  |TAMS 0x0000000704e00000, 0x0000000704e00000| Untracked 
|  40|0x0000000705000000, 0x0000000705000000, 0x0000000705200000|  0%| F|  |TAMS 0x0000000705000000, 0x0000000705000000| Untracked 
|  41|0x0000000705200000, 0x0000000705200000, 0x0000000705400000|  0%| F|  |TAMS 0x0000000705200000, 0x0000000705200000| Untracked 
|  42|0x0000000705400000, 0x0000000705400000, 0x0000000705600000|  0%| F|  |TAMS 0x0000000705400000, 0x0000000705400000| Untracked 
|  43|0x0000000705600000, 0x0000000705600000, 0x0000000705800000|  0%| F|  |TAMS 0x0000000705600000, 0x0000000705600000| Untracked 
|  44|0x0000000705800000, 0x0000000705800000, 0x0000000705a00000|  0%| F|  |TAMS 0x0000000705800000, 0x0000000705800000| Untracked 
|  45|0x0000000705a00000, 0x0000000705a00000, 0x0000000705c00000|  0%| F|  |TAMS 0x0000000705a00000, 0x0000000705a00000| Untracked 
|  46|0x0000000705c00000, 0x0000000705c00000, 0x0000000705e00000|  0%| F|  |TAMS 0x0000000705c00000, 0x0000000705c00000| Untracked 
|  47|0x0000000705e00000, 0x0000000705e00000, 0x0000000706000000|  0%| F|  |TAMS 0x0000000705e00000, 0x0000000705e00000| Untracked 
|  48|0x0000000706000000, 0x0000000706000000, 0x0000000706200000|  0%| F|  |TAMS 0x0000000706000000, 0x0000000706000000| Untracked 
|  49|0x0000000706200000, 0x0000000706200000, 0x0000000706400000|  0%| F|  |TAMS 0x0000000706200000, 0x0000000706200000| Untracked 
|  50|0x0000000706400000, 0x0000000706400000, 0x0000000706600000|  0%| F|  |TAMS 0x0000000706400000, 0x0000000706400000| Untracked 
|  51|0x0000000706600000, 0x0000000706600000, 0x0000000706800000|  0%| F|  |TAMS 0x0000000706600000, 0x0000000706600000| Untracked 
|  52|0x0000000706800000, 0x0000000706800000, 0x0000000706a00000|  0%| F|  |TAMS 0x0000000706800000, 0x0000000706800000| Untracked 
|  53|0x0000000706a00000, 0x0000000706a00000, 0x0000000706c00000|  0%| F|  |TAMS 0x0000000706a00000, 0x0000000706a00000| Untracked 
|  54|0x0000000706c00000, 0x0000000706c00000, 0x0000000706e00000|  0%| F|  |TAMS 0x0000000706c00000, 0x0000000706c00000| Untracked 
|  55|0x0000000706e00000, 0x0000000706e00000, 0x0000000707000000|  0%| F|  |TAMS 0x0000000706e00000, 0x0000000706e00000| Untracked 
|  56|0x0000000707000000, 0x0000000707000000, 0x0000000707200000|  0%| F|  |TAMS 0x0000000707000000, 0x0000000707000000| Untracked 
|  57|0x0000000707200000, 0x0000000707200000, 0x0000000707400000|  0%| F|  |TAMS 0x0000000707200000, 0x0000000707200000| Untracked 
|  58|0x0000000707400000, 0x0000000707400000, 0x0000000707600000|  0%| F|  |TAMS 0x0000000707400000, 0x0000000707400000| Untracked 
|  59|0x0000000707600000, 0x0000000707600000, 0x0000000707800000|  0%| F|  |TAMS 0x0000000707600000, 0x0000000707600000| Untracked 
|  60|0x0000000707800000, 0x0000000707800000, 0x0000000707a00000|  0%| F|  |TAMS 0x0000000707800000, 0x0000000707800000| Untracked 
|  61|0x0000000707a00000, 0x0000000707a00000, 0x0000000707c00000|  0%| F|  |TAMS 0x0000000707a00000, 0x0000000707a00000| Untracked 
|  62|0x0000000707c00000, 0x0000000707c00000, 0x0000000707e00000|  0%| F|  |TAMS 0x0000000707c00000, 0x0000000707c00000| Untracked 
|  63|0x0000000707e00000, 0x0000000707e00000, 0x0000000708000000|  0%| F|  |TAMS 0x0000000707e00000, 0x0000000707e00000| Untracked 
|  64|0x0000000708000000, 0x0000000708000000, 0x0000000708200000|  0%| F|  |TAMS 0x0000000708000000, 0x0000000708000000| Untracked 
|  65|0x0000000708200000, 0x0000000708200000, 0x0000000708400000|  0%| F|  |TAMS 0x0000000708200000, 0x0000000708200000| Untracked 
|  66|0x0000000708400000, 0x0000000708400000, 0x0000000708600000|  0%| F|  |TAMS 0x0000000708400000, 0x0000000708400000| Untracked 
|  67|0x0000000708600000, 0x0000000708600000, 0x0000000708800000|  0%| F|  |TAMS 0x0000000708600000, 0x0000000708600000| Untracked 
|  68|0x0000000708800000, 0x0000000708800000, 0x0000000708a00000|  0%| F|  |TAMS 0x0000000708800000, 0x0000000708800000| Untracked 
|  69|0x0000000708a00000, 0x0000000708a00000, 0x0000000708c00000|  0%| F|  |TAMS 0x0000000708a00000, 0x0000000708a00000| Untracked 
|  70|0x0000000708c00000, 0x0000000708c00000, 0x0000000708e00000|  0%| F|  |TAMS 0x0000000708c00000, 0x0000000708c00000| Untracked 
|  71|0x0000000708e00000, 0x0000000708e00000, 0x0000000709000000|  0%| F|  |TAMS 0x0000000708e00000, 0x0000000708e00000| Untracked 
|  72|0x0000000709000000, 0x0000000709000000, 0x0000000709200000|  0%| F|  |TAMS 0x0000000709000000, 0x0000000709000000| Untracked 
|  73|0x0000000709200000, 0x0000000709200000, 0x0000000709400000|  0%| F|  |TAMS 0x0000000709200000, 0x0000000709200000| Untracked 
|  74|0x0000000709400000, 0x0000000709400000, 0x0000000709600000|  0%| F|  |TAMS 0x0000000709400000, 0x0000000709400000| Untracked 
|  75|0x0000000709600000, 0x0000000709600000, 0x0000000709800000|  0%| F|  |TAMS 0x0000000709600000, 0x0000000709600000| Untracked 
|  76|0x0000000709800000, 0x00000007098387f0, 0x0000000709a00000| 11%| S|CS|TAMS 0x0000000709800000, 0x0000000709800000| Complete 
|  77|0x0000000709a00000, 0x0000000709c00000, 0x0000000709c00000|100%| S|CS|TAMS 0x0000000709a00000, 0x0000000709a00000| Complete 
|  78|0x0000000709c00000, 0x0000000709e00000, 0x0000000709e00000|100%| S|CS|TAMS 0x0000000709c00000, 0x0000000709c00000| Complete 
|  79|0x0000000709e00000, 0x000000070a000000, 0x000000070a000000|100%| S|CS|TAMS 0x0000000709e00000, 0x0000000709e00000| Complete 
|  80|0x000000070a000000, 0x000000070a200000, 0x000000070a200000|100%| S|CS|TAMS 0x000000070a000000, 0x000000070a000000| Complete 
|  81|0x000000070a200000, 0x000000070a200000, 0x000000070a400000|  0%| F|  |TAMS 0x000000070a200000, 0x000000070a200000| Untracked 
|  82|0x000000070a400000, 0x000000070a400000, 0x000000070a600000|  0%| F|  |TAMS 0x000000070a400000, 0x000000070a400000| Untracked 
|  83|0x000000070a600000, 0x000000070a600000, 0x000000070a800000|  0%| F|  |TAMS 0x000000070a600000, 0x000000070a600000| Untracked 
|  84|0x000000070a800000, 0x000000070a800000, 0x000000070aa00000|  0%| F|  |TAMS 0x000000070a800000, 0x000000070a800000| Untracked 
|  85|0x000000070aa00000, 0x000000070aa00000, 0x000000070ac00000|  0%| F|  |TAMS 0x000000070aa00000, 0x000000070aa00000| Untracked 
|  86|0x000000070ac00000, 0x000000070ac00000, 0x000000070ae00000|  0%| F|  |TAMS 0x000000070ac00000, 0x000000070ac00000| Untracked 
|  87|0x000000070ae00000, 0x000000070ae00000, 0x000000070b000000|  0%| F|  |TAMS 0x000000070ae00000, 0x000000070ae00000| Untracked 
|  88|0x000000070b000000, 0x000000070b000000, 0x000000070b200000|  0%| F|  |TAMS 0x000000070b000000, 0x000000070b000000| Untracked 
|  89|0x000000070b200000, 0x000000070b200000, 0x000000070b400000|  0%| F|  |TAMS 0x000000070b200000, 0x000000070b200000| Untracked 
|  90|0x000000070b400000, 0x000000070b400000, 0x000000070b600000|  0%| F|  |TAMS 0x000000070b400000, 0x000000070b400000| Untracked 
|  91|0x000000070b600000, 0x000000070b600000, 0x000000070b800000|  0%| F|  |TAMS 0x000000070b600000, 0x000000070b600000| Untracked 
|  92|0x000000070b800000, 0x000000070b800000, 0x000000070ba00000|  0%| F|  |TAMS 0x000000070b800000, 0x000000070b800000| Untracked 
|  93|0x000000070ba00000, 0x000000070ba00000, 0x000000070bc00000|  0%| F|  |TAMS 0x000000070ba00000, 0x000000070ba00000| Untracked 
|  94|0x000000070bc00000, 0x000000070bc00000, 0x000000070be00000|  0%| F|  |TAMS 0x000000070bc00000, 0x000000070bc00000| Untracked 
|  95|0x000000070be00000, 0x000000070be00000, 0x000000070c000000|  0%| F|  |TAMS 0x000000070be00000, 0x000000070be00000| Untracked 
|  96|0x000000070c000000, 0x000000070c000000, 0x000000070c200000|  0%| F|  |TAMS 0x000000070c000000, 0x000000070c000000| Untracked 
|  97|0x000000070c200000, 0x000000070c200000, 0x000000070c400000|  0%| F|  |TAMS 0x000000070c200000, 0x000000070c200000| Untracked 
|  98|0x000000070c400000, 0x000000070c4f2f28, 0x000000070c600000| 47%| E|  |TAMS 0x000000070c400000, 0x000000070c400000| Complete 
|  99|0x000000070c600000, 0x000000070c800000, 0x000000070c800000|100%| E|CS|TAMS 0x000000070c600000, 0x000000070c600000| Complete 
| 100|0x000000070c800000, 0x000000070ca00000, 0x000000070ca00000|100%| E|  |TAMS 0x000000070c800000, 0x000000070c800000| Complete 
| 101|0x000000070ca00000, 0x000000070cc00000, 0x000000070cc00000|100%| E|CS|TAMS 0x000000070ca00000, 0x000000070ca00000| Complete 
| 102|0x000000070cc00000, 0x000000070ce00000, 0x000000070ce00000|100%| E|CS|TAMS 0x000000070cc00000, 0x000000070cc00000| Complete 
| 103|0x000000070ce00000, 0x000000070d000000, 0x000000070d000000|100%| E|CS|TAMS 0x000000070ce00000, 0x000000070ce00000| Complete 
| 104|0x000000070d000000, 0x000000070d200000, 0x000000070d200000|100%| E|CS|TAMS 0x000000070d000000, 0x000000070d000000| Complete 
| 105|0x000000070d200000, 0x000000070d400000, 0x000000070d400000|100%| E|CS|TAMS 0x000000070d200000, 0x000000070d200000| Complete 
| 106|0x000000070d400000, 0x000000070d600000, 0x000000070d600000|100%| E|CS|TAMS 0x000000070d400000, 0x000000070d400000| Complete 
| 107|0x000000070d600000, 0x000000070d800000, 0x000000070d800000|100%| E|CS|TAMS 0x000000070d600000, 0x000000070d600000| Complete 
| 108|0x000000070d800000, 0x000000070da00000, 0x000000070da00000|100%| E|CS|TAMS 0x000000070d800000, 0x000000070d800000| Complete 
| 109|0x000000070da00000, 0x000000070dc00000, 0x000000070dc00000|100%| E|CS|TAMS 0x000000070da00000, 0x000000070da00000| Complete 
| 110|0x000000070dc00000, 0x000000070de00000, 0x000000070de00000|100%| E|CS|TAMS 0x000000070dc00000, 0x000000070dc00000| Complete 
| 111|0x000000070de00000, 0x000000070e000000, 0x000000070e000000|100%| E|CS|TAMS 0x000000070de00000, 0x000000070de00000| Complete 
| 112|0x000000070e000000, 0x000000070e200000, 0x000000070e200000|100%| E|CS|TAMS 0x000000070e000000, 0x000000070e000000| Complete 
| 113|0x000000070e200000, 0x000000070e400000, 0x000000070e400000|100%| E|CS|TAMS 0x000000070e200000, 0x000000070e200000| Complete 
| 114|0x000000070e400000, 0x000000070e600000, 0x000000070e600000|100%| E|CS|TAMS 0x000000070e400000, 0x000000070e400000| Complete 
| 115|0x000000070e600000, 0x000000070e800000, 0x000000070e800000|100%| E|CS|TAMS 0x000000070e600000, 0x000000070e600000| Complete 
| 116|0x000000070e800000, 0x000000070ea00000, 0x000000070ea00000|100%| E|CS|TAMS 0x000000070e800000, 0x000000070e800000| Complete 
| 117|0x000000070ea00000, 0x000000070ec00000, 0x000000070ec00000|100%| E|CS|TAMS 0x000000070ea00000, 0x000000070ea00000| Complete 
| 118|0x000000070ec00000, 0x000000070ee00000, 0x000000070ee00000|100%| E|CS|TAMS 0x000000070ec00000, 0x000000070ec00000| Complete 
| 119|0x000000070ee00000, 0x000000070f000000, 0x000000070f000000|100%| E|CS|TAMS 0x000000070ee00000, 0x000000070ee00000| Complete 
| 120|0x000000070f000000, 0x000000070f200000, 0x000000070f200000|100%| E|CS|TAMS 0x000000070f000000, 0x000000070f000000| Complete 
| 121|0x000000070f200000, 0x000000070f400000, 0x000000070f400000|100%| E|CS|TAMS 0x000000070f200000, 0x000000070f200000| Complete 
| 122|0x000000070f400000, 0x000000070f600000, 0x000000070f600000|100%| E|CS|TAMS 0x000000070f400000, 0x000000070f400000| Complete 
| 123|0x000000070f600000, 0x000000070f800000, 0x000000070f800000|100%| E|CS|TAMS 0x000000070f600000, 0x000000070f600000| Complete 
| 124|0x000000070f800000, 0x000000070fa00000, 0x000000070fa00000|100%| E|CS|TAMS 0x000000070f800000, 0x000000070f800000| Complete 
| 125|0x000000070fa00000, 0x000000070fc00000, 0x000000070fc00000|100%| E|CS|TAMS 0x000000070fa00000, 0x000000070fa00000| Complete 
| 126|0x000000070fc00000, 0x000000070fe00000, 0x000000070fe00000|100%| E|CS|TAMS 0x000000070fc00000, 0x000000070fc00000| Complete 
| 127|0x000000070fe00000, 0x0000000710000000, 0x0000000710000000|100%| E|CS|TAMS 0x000000070fe00000, 0x000000070fe00000| Complete 
|2046|0x00000007ffc00000, 0x00000007ffd78000, 0x00000007ffe00000| 73%|OA|  |TAMS 0x00000007ffc00000, 0x00000007ffc00000| Untracked 
|2047|0x00000007ffe00000, 0x00000007ffe80000, 0x0000000800000000| 25%|CA|  |TAMS 0x00000007ffe00000, 0x00000007ffe00000| Untracked 

Card table byte_map: [0x000000011aa9c000,0x000000011b29c000] _byte_map_base: 0x000000011729c000

Marking Bits (Prev, Next): (CMBitMap*) 0x000000013103e210, (CMBitMap*) 0x000000013103e250
 Prev Bits: [0x000000011ba9c000, 0x000000011fa9c000)
 Next Bits: [0x0000000128000000, 0x000000012c000000)

Polling page: 0x00000001023bc000

Metaspace:

Usage:
  Non-class:     14.75 MB used.
      Class:      2.39 MB used.
       Both:     17.14 MB used.

Virtual space:
  Non-class space:       64.00 MB reserved,      14.88 MB ( 23%) committed,  1 nodes.
      Class space:        1.00 GB reserved,       2.50 MB ( <1%) committed,  1 nodes.
             Both:        1.06 GB reserved,      17.38 MB (  2%) committed. 

Chunk freelists:
   Non-Class:  1.02 MB
       Class:  13.51 MB
        Both:  14.52 MB

MaxMetaspaceSize: unlimited
CompressedClassSpaceSize: 1.00 GB
Initial GC threshold: 21.00 MB
Current GC threshold: 21.00 MB
CDS: on
MetaspaceReclaimPolicy: balanced
 - commit_granule_bytes: 65536.
 - commit_granule_words: 8192.
 - virtual_space_node_default_size: 8388608.
 - enlarge_chunks_in_place: 1.
 - new_chunks_are_fully_committed: 0.
 - uncommit_free_chunks: 1.
 - use_allocation_guard: 0.
 - handle_deallocations: 1.


Internal statistics:

num_allocs_failed_limit: 0.
num_arena_births: 198.
num_arena_deaths: 0.
num_vsnodes_births: 2.
num_vsnodes_deaths: 0.
num_space_committed: 278.
num_space_uncommitted: 0.
num_chunks_returned_to_freelist: 0.
num_chunks_taken_from_freelist: 760.
num_chunk_merges: 0.
num_chunk_splits: 530.
num_chunks_enlarged: 427.
num_purges: 0.
num_inconsistent_stats: 0.

CodeHeap 'non-profiled nmethods': size=120032Kb used=2638Kb max_used=3054Kb free=117393Kb
 bounds [0x0000000113564000, 0x0000000113864000, 0x000000011aa9c000]
CodeHeap 'profiled nmethods': size=120016Kb used=6725Kb max_used=9366Kb free=113290Kb
 bounds [0x000000010ba9c000, 0x000000010c3cc000, 0x0000000112fd0000]
CodeHeap 'non-nmethods': size=5712Kb used=1409Kb max_used=1558Kb free=4303Kb
 bounds [0x0000000112fd0000, 0x0000000113240000, 0x0000000113564000]
 total_blobs=4570 nmethods=3779 adapters=707
 compilation: enabled
              stopped_count=0, restarted_count=0
 full_count=0

Compilation events (20 events):
Event: 54.312 Thread 0x000000013106d000 4811       3       javafx.scene.CssStyleHelper::getFontPosture (37 bytes)
Event: 54.312 Thread 0x000000013106d000 nmethod 4811 0x000000010bb7b810 code [0x000000010bb7ba80, 0x000000010bb7c068]
Event: 54.347 Thread 0x000000013106d000 4814       3       javafx.scene.Node::sceneToLocal (21 bytes)
Event: 54.347 Thread 0x000000013106ca00 4813       4       javafx.scene.Node::localToScene (21 bytes)
Event: 54.347 Thread 0x000000013106d000 nmethod 4814 0x000000010bd5be90 code [0x000000010bd5c200, 0x000000010bd5d848]
Event: 54.347 Thread 0x000000013106d000 4815       3       javafx.scene.Node::parentToLocal (15 bytes)
Event: 54.348 Thread 0x000000013106d000 nmethod 4815 0x000000010bad3e10 code [0x000000010bad3fc0, 0x000000010bad42b8]
Event: 54.349 Thread 0x000000013106ca00 nmethod 4813 0x0000000113570790 code [0x0000000113570a00, 0x0000000113570fc0]
Event: 54.660 Thread 0x000000013106d000 4816       3       javafx.beans.property.SimpleBooleanProperty::<init> (24 bytes)
Event: 54.660 Thread 0x000000013106ca00 4817       4       java.util.ArrayList::grow (60 bytes)
Event: 54.661 Thread 0x000000013106d000 nmethod 4816 0x000000010baccf10 code [0x000000010bacd100, 0x000000010bacd558]
Event: 54.661 Thread 0x000000013106d000 4818       3       java.util.Spliterator::getExactSizeIfKnown (25 bytes)
Event: 54.661 Thread 0x000000013106d000 nmethod 4818 0x000000010bb77990 code [0x000000010bb77b80, 0x000000010bb77ef8]
Event: 54.661 Thread 0x000000013106d000 4819       3       java.util.concurrent.CountDownLatch::await (9 bytes)
Event: 54.661 Thread 0x000000013106d000 nmethod 4819 0x000000010bb36a10 code [0x000000010bb36bc0, 0x000000010bb36d48]
Event: 54.663 Thread 0x000000013106ca00 nmethod 4817 0x00000001136cce10 code [0x00000001136cd000, 0x00000001136cd5c0]
Event: 54.703 Thread 0x000000013106ca00 4820       4       java.lang.invoke.Invokers$Holder::linkToTargetMethod (9 bytes)
Event: 54.704 Thread 0x000000013106ca00 nmethod 4820 0x00000001136a8010 code [0x00000001136a81c0, 0x00000001136a82e8]
Event: 55.253 Thread 0x000000013106d000 4821       3       javafx.scene.Node::queryAccessibleAttribute (138 bytes)
Event: 55.255 Thread 0x000000013106d000 nmethod 4821 0x000000010c19e310 code [0x000000010c19eb00, 0x000000010c1a2688]

GC Heap History (6 events):
Event: 0.367 GC heap before
{Heap before GC invocations=0 (full 0):
 garbage-first heap   total 266240K, used 24544K [0x0000000700000000, 0x0000000800000000)
  region size 2048K, 11 young (22528K), 0 survivors (0K)
 Metaspace       used 6770K, committed 6976K, reserved 1114112K
  class space    used 827K, committed 960K, reserved 1048576K
}
Event: 0.369 GC heap after
{Heap after GC invocations=1 (full 0):
 garbage-first heap   total 266240K, used 4975K [0x0000000700000000, 0x0000000800000000)
  region size 2048K, 2 young (4096K), 2 survivors (4096K)
 Metaspace       used 6770K, committed 6976K, reserved 1114112K
  class space    used 827K, committed 960K, reserved 1048576K
}
Event: 6.401 GC heap before
{Heap before GC invocations=1 (full 0):
 garbage-first heap   total 266240K, used 95087K [0x0000000700000000, 0x0000000800000000)
  region size 2048K, 29 young (59392K), 2 survivors (4096K)
 Metaspace       used 16884K, committed 17152K, reserved 1114112K
  class space    used 2435K, committed 2560K, reserved 1048576K
}
Event: 6.405 GC heap after
{Heap after GC invocations=2 (full 0):
 garbage-first heap   total 266240K, used 42684K [0x0000000700000000, 0x0000000800000000)
  region size 2048K, 4 young (8192K), 4 survivors (8192K)
 Metaspace       used 16884K, committed 17152K, reserved 1114112K
  class space    used 2435K, committed 2560K, reserved 1048576K
}
Event: 35.681 GC heap before
{Heap before GC invocations=2 (full 0):
 garbage-first heap   total 266240K, used 128700K [0x0000000700000000, 0x0000000800000000)
  region size 2048K, 47 young (96256K), 4 survivors (8192K)
 Metaspace       used 17322K, committed 17600K, reserved 1114112K
  class space    used 2436K, committed 2560K, reserved 1048576K
}
Event: 35.689 GC heap after
{Heap after GC invocations=3 (full 0):
 garbage-first heap   total 266240K, used 45201K [0x0000000700000000, 0x0000000800000000)
  region size 2048K, 5 young (10240K), 5 survivors (10240K)
 Metaspace       used 17322K, committed 17600K, reserved 1114112K
  class space    used 2436K, committed 2560K, reserved 1048576K
}

Deoptimization events (20 events):
Event: 54.661 Thread 0x00000001311dec00 DEOPT PACKING pc=0x0000000113820f4c sp=0x000000016da97360
Event: 54.661 Thread 0x00000001311dec00 DEOPT UNPACKING pc=0x000000011300ed1c sp=0x000000016da97170 mode 2
Event: 54.661 Thread 0x0000000130162e00 DEOPT PACKING pc=0x000000010c115c78 sp=0x0000000170b6e6d0
Event: 54.661 Thread 0x0000000130162e00 DEOPT UNPACKING pc=0x000000011300eb7c sp=0x0000000170b6e430 mode 3
Event: 54.674 Thread 0x00000001311dec00 Uncommon trap: trap_request=0xffffff45 fr.pc=0x0000000113702534 relative=0x00000000000008f4
Event: 54.674 Thread 0x00000001311dec00 Uncommon trap: reason=unstable_if action=reinterpret pc=0x0000000113702534 method=com.sun.glass.ui.Timer.resume()V @ 6 c2
Event: 54.674 Thread 0x00000001311dec00 DEOPT PACKING pc=0x0000000113702534 sp=0x000000016da953e0
Event: 54.674 Thread 0x00000001311dec00 DEOPT UNPACKING pc=0x000000011300ed1c sp=0x000000016da94fc0 mode 2
Event: 55.256 Thread 0x0000000131008e00 Uncommon trap: trap_request=0xffffff45 fr.pc=0x00000001137c78d8 relative=0x00000000000004d8
Event: 55.256 Thread 0x0000000131008e00 Uncommon trap: reason=unstable_if action=reinterpret pc=0x00000001137c78d8 method=java.util.concurrent.locks.AbstractQueuedSynchronizer$ConditionNode.isReleasable()Z @ 14 c2
Event: 55.256 Thread 0x0000000131008e00 DEOPT PACKING pc=0x00000001137c78d8 sp=0x000000017031a6a0
Event: 55.256 Thread 0x0000000131008e00 DEOPT UNPACKING pc=0x000000011300ed1c sp=0x000000017031a460 mode 2
Event: 55.256 Thread 0x0000000131008e00 Uncommon trap: trap_request=0xffffff45 fr.pc=0x00000001137866d4 relative=0x0000000000000054
Event: 55.256 Thread 0x0000000131008e00 Uncommon trap: reason=unstable_if action=reinterpret pc=0x00000001137866d4 method=java.lang.Thread.interrupted()Z @ 10 c2
Event: 55.256 Thread 0x0000000131008e00 DEOPT PACKING pc=0x00000001137866d4 sp=0x000000017031a5d0
Event: 55.256 Thread 0x0000000131008e00 DEOPT UNPACKING pc=0x000000011300ed1c sp=0x000000017031a560 mode 2
Event: 55.256 Thread 0x0000000131008800 Uncommon trap: trap_request=0xffffff45 fr.pc=0x00000001137e5354 relative=0x0000000000000514
Event: 55.256 Thread 0x0000000131008800 Uncommon trap: reason=unstable_if action=reinterpret pc=0x00000001137e5354 method=jdk.internal.ref.Cleaner.remove(Ljdk/internal/ref/Cleaner;)Z @ 45 c2
Event: 55.256 Thread 0x0000000131008800 DEOPT PACKING pc=0x00000001137e5354 sp=0x000000016dd2a720
Event: 55.256 Thread 0x0000000131008800 DEOPT UNPACKING pc=0x000000011300ed1c sp=0x000000016dd2a640 mode 2

Classes unloaded (0 events):
No events

Classes redefined (0 events):
No events

Internal exceptions (20 events):
Event: 4.402 Thread 0x00000001311dec00 Exception <a 'java/lang/NoSuchMethodError'{0x000000070d079730}: 'java.lang.Object java.lang.invoke.DirectMethodHandle$Holder.invokeStatic(java.lang.Object, int, java.lang.Object)'> (0x000000070d079730) 
thrown [open/src/hotspot/share/interpreter/linkResolver.cpp, line 759]
Event: 4.403 Thread 0x00000001311dec00 Exception <a 'java/lang/ClassNotFoundException'{0x000000070d08a608}: sun/util/logging/resources/spi/loggingProvider> (0x000000070d08a608) 
thrown [open/src/hotspot/share/classfile/systemDictionary.cpp, line 256]
Event: 9.392 Thread 0x00000001310fdc00 Exception <a 'java/io/FileNotFoundException'{0x000000070f6ea700}> (0x000000070f6ea700) 
thrown [open/src/hotspot/share/prims/jni.cpp, line 516]
Event: 9.400 Thread 0x00000001310fdc00 Exception <a 'java/io/FileNotFoundException'{0x000000070f469420}> (0x000000070f469420) 
thrown [open/src/hotspot/share/prims/jni.cpp, line 516]
Event: 14.391 Thread 0x00000001310fdc00 Exception <a 'java/io/FileNotFoundException'{0x000000070f4a0340}> (0x000000070f4a0340) 
thrown [open/src/hotspot/share/prims/jni.cpp, line 516]
Event: 14.397 Thread 0x00000001310fdc00 Exception <a 'java/io/FileNotFoundException'{0x000000070e9943f8}> (0x000000070e9943f8) 
thrown [open/src/hotspot/share/prims/jni.cpp, line 516]
Event: 19.401 Thread 0x00000001310fdc00 Exception <a 'java/io/FileNotFoundException'{0x000000070e7fa8d0}> (0x000000070e7fa8d0) 
thrown [open/src/hotspot/share/prims/jni.cpp, line 516]
Event: 19.407 Thread 0x00000001310fdc00 Exception <a 'java/io/FileNotFoundException'{0x000000070db4a4d8}> (0x000000070db4a4d8) 
thrown [open/src/hotspot/share/prims/jni.cpp, line 516]
Event: 24.397 Thread 0x00000001310fdc00 Exception <a 'java/io/FileNotFoundException'{0x000000070db81488}> (0x000000070db81488) 
thrown [open/src/hotspot/share/prims/jni.cpp, line 516]
Event: 24.401 Thread 0x00000001310fdc00 Exception <a 'java/io/FileNotFoundException'{0x000000070cf943f8}> (0x000000070cf943f8) 
thrown [open/src/hotspot/share/prims/jni.cpp, line 516]
Event: 29.405 Thread 0x00000001310fdc00 Exception <a 'java/io/FileNotFoundException'{0x000000070cdfa8d8}> (0x000000070cdfa8d8) 
thrown [open/src/hotspot/share/prims/jni.cpp, line 516]
Event: 29.412 Thread 0x00000001310fdc00 Exception <a 'java/io/FileNotFoundException'{0x000000070b74a4d8}> (0x000000070b74a4d8) 
thrown [open/src/hotspot/share/prims/jni.cpp, line 516]
Event: 34.410 Thread 0x00000001310fdc00 Exception <a 'java/io/FileNotFoundException'{0x000000070b781400}> (0x000000070b781400) 
thrown [open/src/hotspot/share/prims/jni.cpp, line 516]
Event: 34.417 Thread 0x00000001310fdc00 Exception <a 'java/io/FileNotFoundException'{0x000000070a9fe9f8}> (0x000000070a9fe9f8) 
thrown [open/src/hotspot/share/prims/jni.cpp, line 516]
Event: 39.409 Thread 0x00000001310fdc00 Exception <a 'java/io/FileNotFoundException'{0x000000070f2024d8}> (0x000000070f2024d8) 
thrown [open/src/hotspot/share/prims/jni.cpp, line 516]
Event: 39.415 Thread 0x00000001310fdc00 Exception <a 'java/io/FileNotFoundException'{0x000000070f31c2b8}> (0x000000070f31c2b8) 
thrown [open/src/hotspot/share/prims/jni.cpp, line 516]
Event: 44.410 Thread 0x00000001310fdc00 Exception <a 'java/io/FileNotFoundException'{0x000000070f131b08}> (0x000000070f131b08) 
thrown [open/src/hotspot/share/prims/jni.cpp, line 516]
Event: 44.415 Thread 0x00000001310fdc00 Exception <a 'java/io/FileNotFoundException'{0x000000070dfad6d8}> (0x000000070dfad6d8) 
thrown [open/src/hotspot/share/prims/jni.cpp, line 516]
Event: 46.484 Thread 0x0000000131008e00 Implicit null exception at 0x0000000113722564 to 0x0000000113723470
Event: 46.485 Thread 0x0000000131008e00 Implicit null exception at 0x000000011371b710 to 0x000000011371ba80

VM Operations (20 events):
Event: 46.731 Executing VM operation: Cleanup
Event: 46.732 Executing VM operation: Cleanup done
Event: 47.733 Executing VM operation: Cleanup
Event: 47.733 Executing VM operation: Cleanup done
Event: 49.741 Executing VM operation: Cleanup
Event: 49.742 Executing VM operation: Cleanup done
Event: 50.746 Executing VM operation: Cleanup
Event: 50.746 Executing VM operation: Cleanup done
Event: 51.746 Executing VM operation: HandshakeAllThreads
Event: 51.746 Executing VM operation: HandshakeAllThreads done
Event: 51.746 Executing VM operation: Cleanup
Event: 51.748 Executing VM operation: Cleanup done
Event: 51.793 Executing VM operation: HandshakeAllThreads
Event: 51.794 Executing VM operation: HandshakeAllThreads done
Event: 51.964 Executing VM operation: HandshakeAllThreads
Event: 51.964 Executing VM operation: HandshakeAllThreads done
Event: 52.966 Executing VM operation: Cleanup
Event: 52.966 Executing VM operation: Cleanup done
Event: 54.972 Executing VM operation: Cleanup
Event: 54.972 Executing VM operation: Cleanup done

Events (20 events):
Event: 51.967 Thread 0x0000000131070600 flushing nmethod 0x000000010c2de090
Event: 51.967 Thread 0x0000000131070600 flushing nmethod 0x000000010c2e5b90
Event: 51.967 Thread 0x0000000131070600 flushing nmethod 0x000000010c2f2f10
Event: 55.256 Protecting memory [0x000000017096c000,0x0000000170978000] with protection modes 3
Event: 55.256 Thread 0x0000000130162e00 Thread exited: 0x0000000130162e00
Event: 55.256 Protecting memory [0x0000000170118000,0x0000000170124000] with protection modes 3
Event: 55.256 Thread 0x0000000131008e00 Thread exited: 0x0000000131008e00
Event: 55.256 Protecting memory [0x000000016db28000,0x000000016db34000] with protection modes 3
Event: 55.256 Protecting memory [0x000000016d2a0000,0x000000016d2ac000] with protection modes 3
Event: 55.256 Thread 0x0000000131008800 Thread exited: 0x0000000131008800
Event: 55.256 Thread 0x00000001311dec00 Thread exited: 0x00000001311dec00
Event: 55.256 Protecting memory [0x000000016db28000,0x000000016db34000] with protection modes 0
Event: 55.256 Thread 0x000000012e81c600 Thread added: 0x000000012e81c600
Event: 55.257 Thread 0x000000012e847000 Thread added: 0x000000012e847000
Event: 55.257 Protecting memory [0x0000000170118000,0x0000000170124000] with protection modes 0
Event: 55.257 Protecting memory [0x0000000170118000,0x0000000170124000] with protection modes 3
Event: 55.257 Thread 0x000000012e847000 Thread exited: 0x000000012e847000
Event: 55.257 Protecting memory [0x000000016db28000,0x000000016db34000] with protection modes 3
Event: 55.257 Thread 0x000000012e81c600 Thread exited: 0x000000012e81c600
Event: 55.257 Protecting memory [0x000000016eeac000,0x000000016eeb8000] with protection modes 3


Dynamic libraries:
0x000000010241c000 	/Library/Java/JavaVirtualMachines/jdk-17.jdk/Contents/Home/lib/libjli.dylib
0x00000001c1565000 	/System/Library/Frameworks/Cocoa.framework/Versions/A/Cocoa
0x00000001ad3ef000 	/System/Library/Frameworks/AppKit.framework/Versions/C/AppKit
0x00000001afd93000 	/System/Library/Frameworks/CoreData.framework/Versions/A/CoreData
0x00000001ab053000 	/System/Library/Frameworks/Foundation.framework/Versions/C/Foundation
0x00000001b5760000 	/usr/lib/libSystem.B.dylib
0x00000001ae2fa000 	/System/Library/PrivateFrameworks/UIFoundation.framework/Versions/A/UIFoundation
0x0000000215dee000 	/System/Library/PrivateFrameworks/CollectionViewCore.framework/Versions/A/CollectionViewCore
0x00000001bba11000 	/System/Library/PrivateFrameworks/RemoteViewServices.framework/Versions/A/RemoteViewServices
0x00000001b3b96000 	/System/Library/PrivateFrameworks/XCTTargetBootstrap.framework/Versions/A/XCTTargetBootstrap
0x00000001b74f4000 	/System/Library/PrivateFrameworks/InternationalSupport.framework/Versions/A/InternationalSupport
0x00000001b757b000 	/System/Library/PrivateFrameworks/UserActivity.framework/Versions/A/UserActivity
0x000000022cf76000 	/System/Library/PrivateFrameworks/WindowManagement.framework/Versions/A/WindowManagement
0x00000001aad1d000 	/System/Library/Frameworks/SystemConfiguration.framework/Versions/A/SystemConfiguration
0x00000001b69f8000 	/usr/lib/libspindump.dylib
0x00000001ae4a0000 	/System/Library/Frameworks/UniformTypeIdentifiers.framework/Versions/A/UniformTypeIdentifiers
0x00000001b1eaa000 	/usr/lib/libapp_launch_measurement.dylib
0x00000001b135a000 	/System/Library/PrivateFrameworks/CoreAnalytics.framework/Versions/A/CoreAnalytics
0x00000001b1eb1000 	/System/Library/PrivateFrameworks/CoreAutoLayout.framework/Versions/A/CoreAutoLayout
0x00000001b33a5000 	/System/Library/Frameworks/Metal.framework/Versions/A/Metal
0x00000001b42f4000 	/usr/lib/liblangid.dylib
0x00000001b3b9c000 	/System/Library/PrivateFrameworks/CoreSVG.framework/Versions/A/CoreSVG
0x00000001aedc5000 	/System/Library/PrivateFrameworks/SkyLight.framework/Versions/A/SkyLight
0x00000001af1dd000 	/System/Library/Frameworks/CoreGraphics.framework/Versions/A/CoreGraphics
0x00000001bc0dc000 	/System/Library/Frameworks/Accelerate.framework/Versions/A/Accelerate
0x00000001b6466000 	/System/Library/PrivateFrameworks/IconServices.framework/Versions/A/IconServices
0x00000001b3385000 	/System/Library/Frameworks/IOSurface.framework/Versions/A/IOSurface
0x00000001b1387000 	/usr/lib/libDiagnosticMessagesClient.dylib
0x00000001b56a6000 	/usr/lib/libz.1.dylib
0x00000001bf343000 	/System/Library/Frameworks/ApplicationServices.framework/Versions/A/ApplicationServices
0x00000001b3b7e000 	/System/Library/PrivateFrameworks/DFRFoundation.framework/Versions/A/DFRFoundation
0x00000001acc6d000 	/usr/lib/libicucore.A.dylib
0x00000001b8484000 	/System/Library/Frameworks/AudioToolbox.framework/Versions/A/AudioToolbox
0x00000001b74ff000 	/System/Library/PrivateFrameworks/DataDetectorsCore.framework/Versions/A/DataDetectorsCore
0x00000001ce602000 	/System/Library/PrivateFrameworks/TextInput.framework/Versions/A/TextInput
0x00000001aed2a000 	/usr/lib/libMobileGestalt.dylib
0x00000001b384a000 	/System/Library/Frameworks/Carbon.framework/Versions/A/Frameworks/HIToolbox.framework/Versions/A/HIToolbox
0x00000001b1832000 	/System/Library/Frameworks/QuartzCore.framework/Versions/A/QuartzCore
0x00000001ac8c9000 	/System/Library/Frameworks/Security.framework/Versions/A/Security
0x00000001bba51000 	/System/Library/Frameworks/Carbon.framework/Versions/A/Frameworks/SpeechRecognition.framework/Versions/A/SpeechRecognition
0x00000001b1be9000 	/System/Library/PrivateFrameworks/CoreUI.framework/Versions/A/CoreUI
0x00000001ac1c2000 	/System/Library/Frameworks/CoreAudio.framework/Versions/A/CoreAudio
0x00000001b1463000 	/System/Library/Frameworks/DiskArbitration.framework/Versions/A/DiskArbitration
0x00000001b6e2c000 	/System/Library/PrivateFrameworks/MultitouchSupport.framework/Versions/A/MultitouchSupport
0x00000001aed28000 	/usr/lib/libenergytrace.dylib
0x00000001ad2b2000 	/System/Library/Frameworks/IOKit.framework/Versions/A/IOKit
0x00000001bbe38000 	/System/Library/Frameworks/CoreServices.framework/Versions/A/CoreServices
0x00000001b1e37000 	/System/Library/PrivateFrameworks/PerformanceAnalysis.framework/Versions/A/PerformanceAnalysis
0x00000001f941e000 	/System/Library/Frameworks/OpenGL.framework/Versions/A/OpenGL
0x00000001b1efb000 	/usr/lib/libxml2.2.dylib
0x00000001b4cc8000 	/System/Library/PrivateFrameworks/MobileKeyBag.framework/Versions/A/MobileKeyBag
0x00000001a9d54000 	/usr/lib/libobjc.A.dylib
0x00000001aa00a000 	/usr/lib/libc++.1.dylib
0x00000001af828000 	/System/Library/Frameworks/ColorSync.framework/Versions/A/ColorSync
0x00000001aa127000 	/System/Library/Frameworks/CoreFoundation.framework/Versions/A/CoreFoundation
0x00000001b3f16000 	/System/Library/Frameworks/CoreImage.framework/Versions/A/CoreImage
0x00000001abfe3000 	/System/Library/Frameworks/CoreText.framework/Versions/A/CoreText
0x00000001b3bd5000 	/System/Library/Frameworks/ImageIO.framework/Versions/A/ImageIO
0x00000001b5766000 	/System/Library/PrivateFrameworks/SoftLinking.framework/Versions/A/SoftLinking
0x00000001b59fa000 	/usr/lib/libcompression.dylib
0x00000001b7450000 	/System/Library/PrivateFrameworks/TextureIO.framework/Versions/A/TextureIO
0x00000001b6138000 	/usr/lib/libate.dylib
0x00000001b575a000 	/usr/lib/system/libcache.dylib
0x00000001b5713000 	/usr/lib/system/libcommonCrypto.dylib
0x00000001b5741000 	/usr/lib/system/libcompiler_rt.dylib
0x00000001b5737000 	/usr/lib/system/libcopyfile.dylib
0x00000001a9e88000 	/usr/lib/system/libcorecrypto.dylib
0x00000001a9f3e000 	/usr/lib/system/libdispatch.dylib
0x00000001aa0cf000 	/usr/lib/system/libdyld.dylib
0x00000001b5750000 	/usr/lib/system/libkeymgr.dylib
0x00000001b56f1000 	/usr/lib/system/libmacho.dylib
0x00000001b4dc2000 	/usr/lib/system/libquarantine.dylib
0x00000001b574d000 	/usr/lib/system/libremovefile.dylib
0x00000001aed8f000 	/usr/lib/system/libsystem_asl.dylib
0x00000001a9e25000 	/usr/lib/system/libsystem_blocks.dylib
0x00000001a9f89000 	/usr/lib/system/libsystem_c.dylib
0x00000001b5745000 	/usr/lib/system/libsystem_collections.dylib
0x00000001b42e3000 	/usr/lib/system/libsystem_configuration.dylib
0x00000001b3353000 	/usr/lib/system/libsystem_containermanager.dylib
0x00000001b53f9000 	/usr/lib/system/libsystem_coreservices.dylib
0x00000001acf24000 	/usr/lib/system/libsystem_darwin.dylib
0x00000001b5751000 	/usr/lib/system/libsystem_dnssd.dylib
0x00000001a9f86000 	/usr/lib/system/libsystem_featureflags.dylib
0x00000001aa0fb000 	/usr/lib/system/libsystem_info.dylib
0x00000001b56b8000 	/usr/lib/system/libsystem_m.dylib
0x00000001a9f12000 	/usr/lib/system/libsystem_malloc.dylib
0x00000001aed0f000 	/usr/lib/system/libsystem_networkextension.dylib
0x00000001ad38e000 	/usr/lib/system/libsystem_notify.dylib
0x00000001b42e8000 	/usr/lib/system/libsystem_sandbox.dylib
0x00000001b574a000 	/usr/lib/system/libsystem_secinit.dylib
0x00000001aa089000 	/usr/lib/system/libsystem_kernel.dylib
0x00000001aa0f3000 	/usr/lib/system/libsystem_platform.dylib
0x00000001aa0c2000 	/usr/lib/system/libsystem_pthread.dylib
0x00000001b0564000 	/usr/lib/system/libsystem_symptoms.dylib
0x00000001a9e6e000 	/usr/lib/system/libsystem_trace.dylib
0x00000001b5724000 	/usr/lib/system/libunwind.dylib
0x00000001a9e2a000 	/usr/lib/system/libxpc.dylib
0x00000001aa071000 	/usr/lib/libc++abi.dylib
0x00000001b572f000 	/usr/lib/liboah.dylib
0x00000001b5ff7000 	/usr/lib/liblzma.5.dylib
0x00000001b5762000 	/usr/lib/libfakelink.dylib
0x00000001ae94d000 	/System/Library/Frameworks/CFNetwork.framework/Versions/A/CFNetwork
0x00000001b58a1000 	/usr/lib/libarchive.2.dylib
0x00000001b9d8f000 	/System/Library/Frameworks/Combine.framework/Versions/A/Combine
0x00000001b7e4e000 	/usr/lib/swift/libswiftCore.dylib
0x00000001cb6db000 	/usr/lib/swift/libswiftCoreFoundation.dylib
0x00000001c95b7000 	/usr/lib/swift/libswiftDarwin.dylib
0x00000001bd350000 	/usr/lib/swift/libswiftDispatch.dylib
0x00000001cb6fc000 	/usr/lib/swift/libswiftIOKit.dylib
0x00000001bf766000 	/usr/lib/swift/libswiftObjectiveC.dylib
0x00000001cb6ef000 	/usr/lib/swift/libswiftXPC.dylib
0x00000002337a1000 	/usr/lib/swift/libswift_Concurrency.dylib
0x00000002338f3000 	/usr/lib/swift/libswift_StringProcessing.dylib
0x00000001bf76a000 	/usr/lib/swift/libswiftos.dylib
0x00000001ad237000 	/System/Library/PrivateFrameworks/CoreServicesInternal.framework/Versions/A/CoreServicesInternal
0x00000001b4ded000 	/usr/lib/libbsm.0.dylib
0x00000001b56f7000 	/usr/lib/system/libkxld.dylib
0x00000001b1e73000 	/System/Library/Frameworks/CoreServices.framework/Versions/A/Frameworks/FSEvents.framework/Versions/A/FSEvents
0x00000001acf2f000 	/System/Library/Frameworks/CoreServices.framework/Versions/A/Frameworks/CarbonCore.framework/Versions/A/CarbonCore
0x00000001b13ca000 	/System/Library/Frameworks/CoreServices.framework/Versions/A/Frameworks/Metadata.framework/Versions/A/Metadata
0x00000001b53ff000 	/System/Library/Frameworks/CoreServices.framework/Versions/A/Frameworks/OSServices.framework/Versions/A/OSServices
0x00000001b5928000 	/System/Library/Frameworks/CoreServices.framework/Versions/A/Frameworks/SearchKit.framework/Versions/A/SearchKit
0x00000001b04e7000 	/System/Library/Frameworks/CoreServices.framework/Versions/A/Frameworks/AE.framework/Versions/A/AE
0x00000001aa5ff000 	/System/Library/Frameworks/CoreServices.framework/Versions/A/Frameworks/LaunchServices.framework/Versions/A/LaunchServices
0x00000001b5fa0000 	/System/Library/Frameworks/CoreServices.framework/Versions/A/Frameworks/DictionaryServices.framework/Versions/A/DictionaryServices
0x00000001b1e80000 	/System/Library/Frameworks/CoreServices.framework/Versions/A/Frameworks/SharedFileList.framework/Versions/A/SharedFileList
0x00000001b59c7000 	/usr/lib/libapple_nghttp2.dylib
0x00000001ae949000 	/usr/lib/libnetwork.dylib
0x00000001b016b000 	/usr/lib/libsqlite3.dylib
0x00000001b056d000 	/System/Library/Frameworks/Network.framework/Versions/A/Network
0x00000002328f3000 	/usr/lib/libCoreEntitlements.dylib
0x000000021f3ce000 	/System/Library/PrivateFrameworks/MessageSecurity.framework/Versions/A/MessageSecurity
0x00000001b0151000 	/System/Library/PrivateFrameworks/ProtocolBuffer.framework/Versions/A/ProtocolBuffer
0x00000001b53db000 	/System/Library/PrivateFrameworks/AppleFSCompression.framework/Versions/A/AppleFSCompression
0x00000001b4dd5000 	/usr/lib/libcoretls.dylib
0x00000001b6010000 	/usr/lib/libcoretls_cfhelpers.dylib
0x00000001b59f4000 	/usr/lib/libpam.2.dylib
0x00000001b6076000 	/usr/lib/libxar.1.dylib
0x00000001b6441000 	/usr/lib/libheimdal-asn1.dylib
0x00000001b5767000 	/usr/lib/libpcap.A.dylib
0x00000001b055a000 	/usr/lib/libdns_services.dylib
0x00000001b42f0000 	/System/Library/PrivateFrameworks/AppleSystemInfo.framework/Versions/A/AppleSystemInfo
0x00000001b4ac9000 	/System/Library/PrivateFrameworks/IOMobileFramebuffer.framework/Versions/A/IOMobileFramebuffer
0x00000001b53ec000 	/usr/lib/libbz2.1.0.dylib
0x00000001b4dc5000 	/usr/lib/libCheckFix.dylib
0x00000001aeda7000 	/System/Library/PrivateFrameworks/TCC.framework/Versions/A/TCC
0x00000001b42f6000 	/System/Library/PrivateFrameworks/CoreNLP.framework/Versions/A/CoreNLP
0x00000001b1389000 	/System/Library/PrivateFrameworks/MetadataUtilities.framework/Versions/A/MetadataUtilities
0x00000001b4dfe000 	/usr/lib/libmecab.dylib
0x00000001aada7000 	/usr/lib/libCRFSuite.dylib
0x00000001b4e5b000 	/usr/lib/libgermantok.dylib
0x00000001b59a0000 	/usr/lib/libThaiTokenizer.dylib
0x00000001b146c000 	/System/Library/Frameworks/Accelerate.framework/Versions/A/Frameworks/vImage.framework/Versions/A/vImage
0x00000001bbe0f000 	/System/Library/Frameworks/Accelerate.framework/Versions/A/Frameworks/vecLib.framework/Versions/A/vecLib
0x00000001b60bc000 	/System/Library/Frameworks/Accelerate.framework/Versions/A/Frameworks/vecLib.framework/Versions/A/libvMisc.dylib
0x00000001b49c9000 	/System/Library/Frameworks/Accelerate.framework/Versions/A/Frameworks/vecLib.framework/Versions/A/libvDSP.dylib
0x00000001aa9b3000 	/System/Library/Frameworks/Accelerate.framework/Versions/A/Frameworks/vecLib.framework/Versions/A/libBLAS.dylib
0x00000001b5acc000 	/System/Library/Frameworks/Accelerate.framework/Versions/A/Frameworks/vecLib.framework/Versions/A/libLAPACK.dylib
0x00000001b4e5e000 	/System/Library/Frameworks/Accelerate.framework/Versions/A/Frameworks/vecLib.framework/Versions/A/libLinearAlgebra.dylib
0x00000001b59df000 	/System/Library/Frameworks/Accelerate.framework/Versions/A/Frameworks/vecLib.framework/Versions/A/libSparseBLAS.dylib
0x00000001b5ac7000 	/System/Library/Frameworks/Accelerate.framework/Versions/A/Frameworks/vecLib.framework/Versions/A/libQuadrature.dylib
0x00000001b43ef000 	/System/Library/Frameworks/Accelerate.framework/Versions/A/Frameworks/vecLib.framework/Versions/A/libBNNS.dylib
0x00000001aacb6000 	/System/Library/Frameworks/Accelerate.framework/Versions/A/Frameworks/vecLib.framework/Versions/A/libSparse.dylib
0x000000021e704000 	/System/Library/PrivateFrameworks/MIL.framework/Versions/A/MIL
0x00000001b579c000 	/usr/lib/libiconv.2.dylib
0x00000001b56f0000 	/usr/lib/libcharset.1.dylib
0x00000001b1e53000 	/System/Library/Frameworks/OpenDirectory.framework/Versions/A/Frameworks/CFOpenDirectory.framework/Versions/A/CFOpenDirectory
0x00000001b1e43000 	/System/Library/Frameworks/OpenDirectory.framework/Versions/A/OpenDirectory
0x00000001b6012000 	/System/Library/PrivateFrameworks/APFS.framework/Versions/A/APFS
0x00000001b4cff000 	/System/Library/Frameworks/SecurityFoundation.framework/Versions/A/SecurityFoundation
0x00000001b6085000 	/usr/lib/libutil.dylib
0x000000021d785000 	/System/Library/PrivateFrameworks/InstalledContentLibrary.framework/Versions/A/InstalledContentLibrary
0x00000001ad275000 	/System/Library/PrivateFrameworks/CoreServicesStore.framework/Versions/A/CoreServicesStore
0x00000002147bb000 	/System/Library/PrivateFrameworks/AppleMobileFileIntegrity.framework/Versions/A/AppleMobileFileIntegrity
0x00000001cb6ba000 	/usr/lib/libmis.dylib
0x00000001d95df000 	/System/Library/PrivateFrameworks/MobileSystemServices.framework/Versions/A/MobileSystemServices
0x00000001f3d24000 	/System/Library/PrivateFrameworks/ConfigProfileHelper.framework/Versions/A/ConfigProfileHelper
0x00000001b59a2000 	/System/Library/PrivateFrameworks/AppleSauce.framework/Versions/A/AppleSauce
0x00000001aba8c000 	/System/Library/PrivateFrameworks/LanguageModeling.framework/Versions/A/LanguageModeling
0x00000001b6089000 	/usr/lib/libxslt.1.dylib
0x00000001b588f000 	/usr/lib/libcmph.dylib
0x00000001b4ab6000 	/System/Library/PrivateFrameworks/CoreEmoji.framework/Versions/A/CoreEmoji
0x00000001b43e9000 	/System/Library/PrivateFrameworks/LinguisticData.framework/Versions/A/LinguisticData
0x00000001aac6e000 	/System/Library/PrivateFrameworks/Lexicon.framework/Versions/A/Lexicon
0x00000001b4d92000 	/System/Library/PrivateFrameworks/BackgroundTaskManagement.framework/Versions/A/BackgroundTaskManagement
0x0000000232a92000 	/usr/lib/libTLE.dylib
0x000000023383e000 	/usr/lib/swift/libswift_RegexParser.dylib
0x00000001b6cf1000 	/System/Library/PrivateFrameworks/AppleJPEG.framework/Versions/A/AppleJPEG
0x00000001b6426000 	/usr/lib/libexpat.1.dylib
0x00000001b72b2000 	/System/Library/Frameworks/ImageIO.framework/Versions/A/Resources/libPng.dylib
0x00000001b72dd000 	/System/Library/Frameworks/ImageIO.framework/Versions/A/Resources/libTIFF.dylib
0x00000001b73c6000 	/System/Library/Frameworks/ImageIO.framework/Versions/A/Resources/libGIF.dylib
0x00000001b6d36000 	/System/Library/Frameworks/ImageIO.framework/Versions/A/Resources/libJP2.dylib
0x00000001b736a000 	/System/Library/Frameworks/ImageIO.framework/Versions/A/Resources/libJPEG.dylib
0x00000001b7361000 	/System/Library/Frameworks/ImageIO.framework/Versions/A/Resources/libRadiance.dylib
0x00000001b36d3000 	/System/Library/PrivateFrameworks/FontServices.framework/libFontParser.dylib
0x00000001b0489000 	/System/Library/PrivateFrameworks/RunningBoardServices.framework/Versions/A/RunningBoardServices
0x00000001c1c96000 	/System/Library/PrivateFrameworks/IOSurfaceAccelerator.framework/Versions/A/IOSurfaceAccelerator
0x00000001b6e28000 	/System/Library/PrivateFrameworks/WatchdogClient.framework/Versions/A/WatchdogClient
0x00000001abc05000 	/System/Library/Frameworks/CoreDisplay.framework/Versions/A/CoreDisplay
0x00000001b35ad000 	/System/Library/Frameworks/CoreMedia.framework/Versions/A/CoreMedia
0x00000001b339b000 	/System/Library/PrivateFrameworks/IOAccelerator.framework/Versions/A/IOAccelerator
0x00000001b1fe4000 	/System/Library/Frameworks/CoreVideo.framework/Versions/A/CoreVideo
0x00000001b59f2000 	/System/Library/Frameworks/MetalPerformanceShaders.framework/Versions/A/MetalPerformanceShaders
0x00000001b6e67000 	/System/Library/Frameworks/VideoToolbox.framework/Versions/A/VideoToolbox
0x00000001b03cc000 	/System/Library/PrivateFrameworks/BaseBoard.framework/Versions/A/BaseBoard
0x00000001b735c000 	/System/Library/PrivateFrameworks/GPUWrangler.framework/Versions/A/GPUWrangler
0x00000001b733c000 	/System/Library/PrivateFrameworks/IOPresentment.framework/Versions/A/IOPresentment
0x00000001b7364000 	/System/Library/PrivateFrameworks/DSExternalDisplay.framework/Versions/A/DSExternalDisplay
0x0000000219f5f000 	/System/Library/PrivateFrameworks/GPUCompiler.framework/Versions/31001/Libraries/libllvm-flatbuffers.dylib
0x00000001f9411000 	/System/Library/Frameworks/OpenGL.framework/Versions/A/Libraries/libCoreFSCache.dylib
0x0000000219f5b000 	/System/Library/PrivateFrameworks/GPUCompiler.framework/Versions/31001/Libraries/libGPUCompilerUtils.dylib
0x00000001b73cc000 	/System/Library/PrivateFrameworks/CMCaptureCore.framework/Versions/A/CMCaptureCore
0x000000020e9fa000 	/System/Library/Frameworks/ExtensionFoundation.framework/Versions/A/ExtensionFoundation
0x00000001bdaf7000 	/System/Library/PrivateFrameworks/CoreTime.framework/Versions/A/CoreTime
0x00000001b69e3000 	/System/Library/PrivateFrameworks/AppServerSupport.framework/Versions/A/AppServerSupport
0x00000001b8d66000 	/System/Library/PrivateFrameworks/perfdata.framework/Versions/A/perfdata
0x00000001abd25000 	/System/Library/PrivateFrameworks/AudioToolboxCore.framework/Versions/A/AudioToolboxCore
0x00000001b3583000 	/System/Library/PrivateFrameworks/caulk.framework/Versions/A/caulk
0x00000001b8623000 	/usr/lib/libAudioStatistics.dylib
0x00000001caaf4000 	/System/Library/PrivateFrameworks/SystemPolicy.framework/Versions/A/SystemPolicy
0x00000001b88c5000 	/usr/lib/libSMC.dylib
0x00000001c143a000 	/System/Library/Frameworks/CoreMIDI.framework/Versions/A/CoreMIDI
0x00000001b727f000 	/usr/lib/libAudioToolboxUtility.dylib
0x00000001c6877000 	/System/Library/PrivateFrameworks/OSAServicesClient.framework/Versions/A/OSAServicesClient
0x00000001b8d73000 	/usr/lib/libperfcheck.dylib
0x00000001b6311000 	/System/Library/PrivateFrameworks/PlugInKit.framework/Versions/A/PlugInKit
0x00000001b4cf1000 	/System/Library/PrivateFrameworks/AssertionServices.framework/Versions/A/AssertionServices
0x00000001f9473000 	/System/Library/Frameworks/OpenGL.framework/Versions/A/Libraries/libGLU.dylib
0x00000001f9432000 	/System/Library/Frameworks/OpenGL.framework/Versions/A/Libraries/libGFXShared.dylib
0x00000001f9619000 	/System/Library/Frameworks/OpenGL.framework/Versions/A/Libraries/libGL.dylib
0x00000001f943b000 	/System/Library/Frameworks/OpenGL.framework/Versions/A/Libraries/libGLImage.dylib
0x00000001f942f000 	/System/Library/Frameworks/OpenGL.framework/Versions/A/Libraries/libCVMSPluginSupport.dylib
0x0000000232a71000 	/usr/lib/libRosetta.dylib
0x00000001f9418000 	/System/Library/Frameworks/OpenGL.framework/Versions/A/Libraries/libCoreVMClient.dylib
0x00000001b4268000 	/System/Library/Frameworks/MetalPerformanceShaders.framework/Versions/A/Frameworks/MPSCore.framework/Versions/A/MPSCore
0x00000001b5351000 	/System/Library/Frameworks/MetalPerformanceShaders.framework/Versions/A/Frameworks/MPSImage.framework/Versions/A/MPSImage
0x00000001b4e73000 	/System/Library/Frameworks/MetalPerformanceShaders.framework/Versions/A/Frameworks/MPSNeuralNetwork.framework/Versions/A/MPSNeuralNetwork
0x00000001b525f000 	/System/Library/Frameworks/MetalPerformanceShaders.framework/Versions/A/Frameworks/MPSMatrix.framework/Versions/A/MPSMatrix
0x00000001b5071000 	/System/Library/Frameworks/MetalPerformanceShaders.framework/Versions/A/Frameworks/MPSRayIntersector.framework/Versions/A/MPSRayIntersector
0x00000001b528d000 	/System/Library/Frameworks/MetalPerformanceShaders.framework/Versions/A/Frameworks/MPSNDArray.framework/Versions/A/MPSNDArray
0x000000020fdc8000 	/System/Library/Frameworks/MetalPerformanceShaders.framework/Versions/A/Frameworks/MPSFunctions.framework/Versions/A/MPSFunctions
0x00000001aa879000 	/System/Library/PrivateFrameworks/MetalTools.framework/Versions/A/MetalTools
0x00000001b42ee000 	/System/Library/PrivateFrameworks/AggregateDictionary.framework/Versions/A/AggregateDictionary
0x00000001b61ca000 	/usr/lib/libIOReport.dylib
0x00000001c062a000 	/System/Library/PrivateFrameworks/ASEProcessing.framework/Versions/A/ASEProcessing
0x00000001b6581000 	/System/Library/PrivateFrameworks/GraphVisualizer.framework/Versions/A/GraphVisualizer
0x0000000219e6c000 	/System/Library/PrivateFrameworks/FontServices.framework/Versions/A/FontServices
0x00000001b69a1000 	/System/Library/PrivateFrameworks/OTSVG.framework/Versions/A/OTSVG
0x00000001b1b97000 	/System/Library/Frameworks/ApplicationServices.framework/Versions/A/Frameworks/ATS.framework/Versions/A/Resources/libFontRegistry.dylib
0x00000001b69ed000 	/System/Library/PrivateFrameworks/FontServices.framework/libhvf.dylib
0x0000000219e6d000 	/System/Library/PrivateFrameworks/FontServices.framework/libXTFontStaticRegistryData.dylib
0x000000022bc8a000 	/System/Library/PrivateFrameworks/VideoToolboxParavirtualizationSupport.framework/Versions/A/VideoToolboxParavirtualizationSupport
0x00000001b63da000 	/System/Library/PrivateFrameworks/AppleVA.framework/Versions/A/AppleVA
0x00000001b8663000 	/System/Library/Frameworks/ApplicationServices.framework/Versions/A/Frameworks/ATS.framework/Versions/A/ATS
0x00000001af91b000 	/System/Library/Frameworks/ApplicationServices.framework/Versions/A/Frameworks/HIServices.framework/Versions/A/HIServices
0x00000001b73d8000 	/System/Library/Frameworks/ApplicationServices.framework/Versions/A/Frameworks/PrintCore.framework/Versions/A/PrintCore
0x00000001b8a1e000 	/System/Library/Frameworks/ApplicationServices.framework/Versions/A/Frameworks/QD.framework/Versions/A/QD
0x00000001b8a12000 	/System/Library/Frameworks/ApplicationServices.framework/Versions/A/Frameworks/ColorSyncLegacy.framework/Versions/A/ColorSyncLegacy
0x00000001b8637000 	/System/Library/Frameworks/ApplicationServices.framework/Versions/A/Frameworks/SpeechSynthesis.framework/Versions/A/SpeechSynthesis
0x00000001b7396000 	/System/Library/Frameworks/ApplicationServices.framework/Versions/A/Frameworks/ATSUI.framework/Versions/A/ATSUI
0x00000001b89a5000 	/usr/lib/libcups.2.dylib
0x00000001b8d81000 	/System/Library/Frameworks/Kerberos.framework/Versions/A/Kerberos
0x00000001b8d92000 	/System/Library/Frameworks/GSS.framework/Versions/A/GSS
0x00000001b86d5000 	/usr/lib/libresolv.9.dylib
0x00000001b69fd000 	/System/Library/PrivateFrameworks/Heimdal.framework/Versions/A/Heimdal
0x00000001bf6e8000 	/System/Library/Frameworks/Kerberos.framework/Versions/A/Libraries/libHeimdalProxy.dylib
0x00000001b8de2000 	/System/Library/PrivateFrameworks/CommonAuth.framework/Versions/A/CommonAuth
0x000000020dc34000 	/System/Library/Frameworks/AVFAudio.framework/Versions/A/AVFAudio
0x00000001c68c6000 	/System/Library/PrivateFrameworks/AXCoreUtilities.framework/Versions/A/AXCoreUtilities
0x00000001b85af000 	/System/Library/PrivateFrameworks/AudioSession.framework/Versions/A/AudioSession
0x00000001b9b46000 	/System/Library/Frameworks/IOBluetooth.framework/Versions/A/IOBluetooth
0x00000001b64db000 	/System/Library/PrivateFrameworks/MediaExperience.framework/Versions/A/MediaExperience
0x00000001b844a000 	/System/Library/PrivateFrameworks/AudioSession.framework/libSessionUtility.dylib
0x00000001b8a2a000 	/System/Library/PrivateFrameworks/AudioResourceArbitration.framework/Versions/A/AudioResourceArbitration
0x00000001bca27000 	/System/Library/PrivateFrameworks/PowerLog.framework/Versions/A/PowerLog
0x00000001bc969000 	/System/Library/Frameworks/CoreBluetooth.framework/Versions/A/CoreBluetooth
0x00000001bf6e9000 	/System/Library/Frameworks/AudioUnit.framework/Versions/A/AudioUnit
0x00000001b4b54000 	/System/Library/PrivateFrameworks/CoreUtils.framework/Versions/A/CoreUtils
0x0000000218871000 	/System/Library/PrivateFrameworks/CoreUtilsExtras.framework/Versions/A/CoreUtilsExtras
0x000000021d623000 	/System/Library/PrivateFrameworks/IO80211.framework/Versions/A/IO80211
0x00000001b644b000 	/System/Library/PrivateFrameworks/IconFoundation.framework/Versions/A/IconFoundation
0x00000001bba3d000 	/System/Library/PrivateFrameworks/SpeechRecognitionCore.framework/Versions/A/SpeechRecognitionCore
0x0000000103374000 	/Library/Java/JavaVirtualMachines/jdk-17.jdk/Contents/Home/lib/server/libjvm.dylib
0x00000001023d0000 	/Library/Java/JavaVirtualMachines/jdk-17.jdk/Contents/Home/lib/libjimage.dylib
0x00000001024dc000 	/Library/Java/JavaVirtualMachines/jdk-17.jdk/Contents/Home/lib/libjava.dylib
0x0000000102f50000 	/Library/Java/JavaVirtualMachines/jdk-17.jdk/Contents/Home/lib/libnio.dylib
0x0000000102f70000 	/Library/Java/JavaVirtualMachines/jdk-17.jdk/Contents/Home/lib/libnet.dylib
0x0000000102fbc000 	/Library/Java/JavaVirtualMachines/jdk-17.jdk/Contents/Home/lib/libzip.dylib
0x0000000102f94000 	/Users/hannahferny13/.openjfx/cache/17/libprism_es2.dylib
0x00000001f9623000 	/System/Library/Frameworks/OpenGL.framework/Versions/A/Resources/GLEngine.bundle/GLEngine
0x00000001f94ad000 	/System/Library/Frameworks/OpenGL.framework/Versions/A/Libraries/libGLProgrammability.dylib
0x000000011fdc0000 	/System/Library/Extensions/AppleMetalOpenGLRenderer.bundle/Contents/MacOS/AppleMetalOpenGLRenderer
0x00000001f9791000 	/System/Library/Frameworks/OpenGL.framework/Versions/A/Resources/GLRendererFloat.bundle/GLRendererFloat
0x00000001f498b000 	/System/Library/Extensions/AGXMetalG13X.bundle/Contents/MacOS/AGXMetalG13X
0x00000001cb6ce000 	/System/Library/PrivateFrameworks/GPURawCounter.framework/Versions/A/GPURawCounter
0x00000001c5979000 	/System/Library/PrivateFrameworks/IOGPU.framework/Versions/A/IOGPU
0x000000011fd0c000 	/Users/hannahferny13/.openjfx/cache/17/libglass.dylib
0x00000001bcc77000 	/System/Library/Frameworks/FileProvider.framework/Versions/A/FileProvider
0x00000001b0334000 	/System/Library/Frameworks/Accounts.framework/Versions/A/Accounts
0x00000001b2082000 	/System/Library/PrivateFrameworks/UserManagement.framework/Versions/A/UserManagement
0x00000001bce00000 	/System/Library/PrivateFrameworks/GenerationalStorage.framework/Versions/A/GenerationalStorage
0x00000001bda1d000 	/System/Library/PrivateFrameworks/CoreSymbolication.framework/Versions/A/CoreSymbolication
0x00000001bca1b000 	/System/Library/PrivateFrameworks/SymptomDiagnosticReporter.framework/Versions/A/SymptomDiagnosticReporter
0x00000001ae4b6000 	/System/Library/PrivateFrameworks/DesktopServicesPriv.framework/Versions/A/DesktopServicesPriv
0x00000001ad39e000 	/usr/lib/libsandbox.1.dylib
0x00000001bd9de000 	/System/Library/PrivateFrameworks/DebugSymbols.framework/Versions/A/DebugSymbols
0x00000001b8a05000 	/System/Library/PrivateFrameworks/NetAuth.framework/Versions/A/NetAuth
0x00000001b99bc000 	/System/Library/PrivateFrameworks/Sharing.framework/Versions/A/Sharing
0x00000001b2046000 	/System/Library/PrivateFrameworks/login.framework/Versions/A/Frameworks/loginsupport.framework/Versions/A/loginsupport
0x00000001bec1d000 	/System/Library/PrivateFrameworks/Apple80211.framework/Versions/A/Apple80211
0x00000001b5432000 	/System/Library/PrivateFrameworks/AuthKit.framework/Versions/A/AuthKit
0x00000001b4ad6000 	/System/Library/Frameworks/CoreWLAN.framework/Versions/A/CoreWLAN
0x00000001bec21000 	/System/Library/PrivateFrameworks/CoreWiFi.framework/Versions/A/CoreWiFi
0x00000001ed514000 	/System/Library/PrivateFrameworks/WiFiPeerToPeer.framework/Versions/A/WiFiPeerToPeer
0x00000001bd596000 	/System/Library/PrivateFrameworks/FrontBoardServices.framework/Versions/A/FrontBoardServices
0x00000001bd632000 	/System/Library/PrivateFrameworks/BoardServices.framework/Versions/A/BoardServices
0x00000001bed7c000 	/System/Library/PrivateFrameworks/BackBoardServices.framework/Versions/A/BackBoardServices
0x00000001b558d000 	/System/Library/Frameworks/UserNotifications.framework/Versions/A/UserNotifications
0x00000001b8edc000 	/System/Library/PrivateFrameworks/CorePhoneNumbers.framework/Versions/A/CorePhoneNumbers
0x00000001b8702000 	/System/Library/PrivateFrameworks/MultiverseSupport.framework/Versions/A/MultiverseSupport
0x00000001bf005000 	/System/Library/PrivateFrameworks/RemoteServiceDiscovery.framework/Versions/A/RemoteServiceDiscovery
0x00000001bcb47000 	/System/Library/PrivateFrameworks/DiskManagement.framework/Versions/A/DiskManagement
0x00000001bca4e000 	/System/Library/PrivateFrameworks/AppleIDAuthSupport.framework/Versions/A/AppleIDAuthSupport
0x0000000212b00000 	/System/Library/PrivateFrameworks/AAAFoundation.framework/Versions/A/AAAFoundation
0x00000001b8eb4000 	/System/Library/PrivateFrameworks/KeychainCircle.framework/Versions/A/KeychainCircle
0x00000001bf019000 	/System/Library/PrivateFrameworks/RemoteXPC.framework/Versions/A/RemoteXPC
0x00000001bcb13000 	/System/Library/PrivateFrameworks/MediaKit.framework/Versions/A/MediaKit
0x00000001bca5b000 	/System/Library/Frameworks/DiscRecording.framework/Versions/A/DiscRecording
0x00000001b6356000 	/usr/lib/libCoreStorage.dylib
0x00000001bf081000 	/usr/lib/libcsfde.dylib
0x00000001b9c1b000 	/System/Library/PrivateFrameworks/ProtectedCloudStorage.framework/Versions/A/ProtectedCloudStorage
0x00000001bf079000 	/System/Library/PrivateFrameworks/EFILogin.framework/Versions/A/EFILogin
0x00000001bce26000 	/System/Library/PrivateFrameworks/OctagonTrust.framework/Versions/A/OctagonTrust
0x00000001b634e000 	/usr/lib/libMatch.1.dylib
0x00000001cffd5000 	/System/Library/Frameworks/Accelerate.framework/Versions/A/Frameworks/vImage.framework/Versions/A/Libraries/libCGInterfaces.dylib
0x000000012f5c8000 	/usr/lib/libobjc-trampolines.dylib
0x00000002327c9000 	/usr/lib/libAccessibilityBaseImplementations.dylib
0x00000001b1d2f000 	/System/Library/PrivateFrameworks/ViewBridge.framework/Versions/A/ViewBridge
0x0000000137e90000 	/Users/hannahferny13/.openjfx/cache/17/libjavafx_font.dylib
0x00000001b6ac0000 	/System/Library/PrivateFrameworks/login.framework/Versions/A/login
0x0000000213327000 	/System/Library/PrivateFrameworks/AccessibilityBundles.framework/Versions/A/AccessibilityBundles
0x00000001c68e9000 	/usr/lib/libAccessibility.dylib
0x00000001bc127000 	/System/Library/Frameworks/MediaAccessibility.framework/Versions/A/MediaAccessibility
0x00000001bc15d000 	/System/Library/PrivateFrameworks/SystemAdministration.framework/Versions/A/SystemAdministration
0x00000001b75e7000 	/System/Library/Frameworks/MediaToolbox.framework/Versions/A/MediaToolbox
0x00000001bba05000 	/System/Library/Frameworks/DirectoryService.framework/Versions/A/DirectoryService
0x00000001bef0d000 	/System/Library/PrivateFrameworks/DiskImages.framework/Versions/A/DiskImages
0x00000001b4db7000 	/System/Library/Frameworks/ServiceManagement.framework/Versions/A/ServiceManagement
0x00000001bf0fa000 	/System/Library/PrivateFrameworks/LoginUIKit.framework/Versions/A/Frameworks/LoginUICore.framework/Versions/A/LoginUICore
0x00000001b6c83000 	/usr/lib/libodfde.dylib
0x00000001bcc43000 	/System/Library/PrivateFrameworks/CoreAVCHD.framework/Versions/A/CoreAVCHD
0x00000001bcc3f000 	/System/Library/PrivateFrameworks/Mangrove.framework/Versions/A/Mangrove
0x00000002152e4000 	/System/Library/PrivateFrameworks/CMPhoto.framework/Versions/A/CMPhoto
0x00000001bcc33000 	/System/Library/PrivateFrameworks/CoreAUC.framework/Versions/A/CoreAUC
0x00000001bf08d000 	/usr/lib/libcurl.4.dylib
0x0000000232da3000 	/usr/lib/libcrypto.46.dylib
0x00000002333dc000 	/usr/lib/libssl.48.dylib
0x00000001bed9f000 	/System/Library/Frameworks/LDAP.framework/Versions/A/LDAP
0x00000001beddf000 	/System/Library/PrivateFrameworks/TrustEvaluationAgent.framework/Versions/A/TrustEvaluationAgent
0x00000001b86ee000 	/usr/lib/libsasl2.2.dylib


VM Arguments:
jvm_args: -Dfile.encoding=UTF-8 -Duser.country=US -Duser.language=da -Duser.variant --module-path=/Users/hannahferny13/Documents/CSCI205/csci205_final_project/build/libs/csci205_final_project-0.1-SNAPSHOT.jar:/Users/hannahferny13/Documents/CSCI205/csci205_final_project/build/classes/java/main:/Users/hannahferny13/.gradle/caches/modules-2/files-2.1/org.openjfx/javafx-fxml/17/9ba33b0d9c19e9dcfd76fe7d95748a933e09b3b/javafx-fxml-17-mac-aarch64.jar:/Users/hannahferny13/.gradle/caches/modules-2/files-2.1/org.openjfx/javafx-controls/17/2254b351c1e6ce2ac9adcd3480fed883cebbb08b/javafx-controls-17-mac-aarch64.jar:/Users/hannahferny13/.gradle/caches/modules-2/files-2.1/org.openjfx/javafx-graphics/17/b6326f61f7e0effbf733d62e83b8317eb8e768b4/javafx-graphics-17-mac-aarch64.jar:/Users/hannahferny13/.gradle/caches/modules-2/files-2.1/org.openjfx/javafx-base/17/d77b645fa3e1a6270783178541944e4b4a457cd2/javafx-base-17-mac-aarch64.jar -Djdk.module.main=csci205_final_project 
java_command: csci205_final_project/org.team11.GameController.GameMain
java_class_path (initial): /Users/hannahferny13/Documents/CSCI205/csci205_final_project/build/resources/main:/Users/hannahferny13/.gradle/caches/modules-2/files-2.1/org.openjfx/javafx-controls/17/7116001b777530c89e5c7381d39a2c9268f71e7e/javafx-controls-17.jar:/Users/hannahferny13/.gradle/caches/modules-2/files-2.1/org.openjfx/javafx-graphics/17/616d987ba02a86196d7feca443677fff908d5737/javafx-graphics-17.jar:/Users/hannahferny13/.gradle/caches/modules-2/files-2.1/org.openjfx/javafx-base/17/1e6732190939254735dc2a88eca88c5c7ccc719d/javafx-base-17.jar
Launcher Type: SUN_STANDARD

[Global flags]
     intx CICompilerCount                          = 4                                         {product} {ergonomic}
     uint ConcGCThreads                            = 2                                         {product} {ergonomic}
     uint G1ConcRefinementThreads                  = 8                                         {product} {ergonomic}
   size_t G1HeapRegionSize                         = 2097152                                   {product} {ergonomic}
    uintx GCDrainStackTargetSize                   = 64                                        {product} {ergonomic}
   size_t InitialHeapSize                          = 268435456                                 {product} {ergonomic}
   size_t MarkStackSize                            = 4194304                                   {product} {ergonomic}
   size_t MaxHeapSize                              = 4294967296                                {product} {ergonomic}
   size_t MaxNewSize                               = 2575302656                                {product} {ergonomic}
   size_t MinHeapDeltaBytes                        = 2097152                                   {product} {ergonomic}
   size_t MinHeapSize                              = 8388608                                   {product} {ergonomic}
    uintx NonNMethodCodeHeapSize                   = 5839564                                {pd product} {ergonomic}
    uintx NonProfiledCodeHeapSize                  = 122909338                              {pd product} {ergonomic}
    uintx ProfiledCodeHeapSize                     = 122909338                              {pd product} {ergonomic}
    uintx ReservedCodeCacheSize                    = 251658240                              {pd product} {ergonomic}
     bool SegmentedCodeCache                       = true                                      {product} {ergonomic}
   size_t SoftMaxHeapSize                          = 4294967296                             {manageable} {ergonomic}
     bool UseCompressedClassPointers               = true                           {product lp64_product} {ergonomic}
     bool UseCompressedOops                        = true                           {product lp64_product} {ergonomic}
     bool UseG1GC                                  = true                                      {product} {ergonomic}
     bool UseNUMA                                  = false                                     {product} {ergonomic}
     bool UseNUMAInterleaving                      = false                                     {product} {ergonomic}

Logging:
Log output configuration:
 #0: stdout all=warning uptime,level,tags
 #1: stderr all=off uptime,level,tags

Environment Variables:
JAVA_HOME=/Library/Java/JavaVirtualMachines/jdk-17.jdk/Contents/Home
PATH=/opt/homebrew/bin:/opt/homebrew/sbin:/usr/local/bin:/System/Cryptexes/App/usr/bin:/usr/bin:/bin:/usr/sbin:/sbin
SHELL=/bin/zsh
LC_CTYPE=en_US.UTF-8

Signal Handlers:
   SIGSEGV: crash_handler in libjvm.dylib, mask=11100110000111110111111111111111, flags=SA_RESTART|SA_SIGINFO
    SIGBUS: crash_handler in libjvm.dylib, mask=11100110000111110111111111111111, flags=SA_RESTART|SA_SIGINFO
    SIGFPE: crash_handler in libjvm.dylib, mask=11100110000111110111111111111111, flags=SA_RESTART|SA_SIGINFO
   SIGPIPE: javaSignalHandler in libjvm.dylib, mask=11100110000111110111111111111111, flags=SA_RESTART|SA_SIGINFO
   SIGXFSZ: javaSignalHandler in libjvm.dylib, mask=11100110000111110111111111111111, flags=SA_RESTART|SA_SIGINFO
    SIGILL: crash_handler in libjvm.dylib, mask=11100110000111110111111111111111, flags=SA_RESTART|SA_SIGINFO
   SIGUSR2: SR_handler in libjvm.dylib, mask=00100000000000000000000000000000, flags=SA_RESTART|SA_SIGINFO
    SIGHUP: UserHandler in libjvm.dylib, mask=11100110000111110111111111111111, flags=SA_RESTART|SA_SIGINFO
    SIGINT: UserHandler in libjvm.dylib, mask=11100110000111110111111111111111, flags=SA_RESTART|SA_SIGINFO
   SIGTERM: UserHandler in libjvm.dylib, mask=11100110000111110111111111111111, flags=SA_RESTART|SA_SIGINFO
   SIGQUIT: UserHandler in libjvm.dylib, mask=11100110000111110111111111111111, flags=SA_RESTART|SA_SIGINFO
   SIGTRAP: crash_handler in libjvm.dylib, mask=11100110000111110111111111111111, flags=SA_RESTART|SA_SIGINFO


---------------  S Y S T E M  ---------------

OS:
uname: Darwin 22.2.0 Darwin Kernel Version 22.2.0: Fri Nov 11 02:03:51 PST 2022; root:xnu-8792.61.2~4/RELEASE_ARM64_T6000 arm64
OS uptime: 8 days 2:07 hours
rlimit (soft/hard): STACK 8176k/65520k , CORE 0k/infinity , NPROC 2666/4000 , NOFILE 10240/infinity , AS infinity/infinity , CPU infinity/infinity , DATA infinity/infinity , FSIZE infinity/infinity , MEMLOCK infinity/infinity , RSS infinity/infinity
load average: 5.10 3.91 4.30

CPU: total 8 (initial active 8) 0x61:0x0:0x1b588bb3:0, fp, simd, crc, lse

Memory: 16k page, physical 16777216k(244416k free), swap 24117248k(1362624k free)

vm_info: Java HotSpot(TM) 64-Bit Server VM (17.0.8+9-LTS-211) for bsd-aarch64 JRE (17.0.8+9-LTS-211), built on Jun 14 2023 09:30:57 by "mach5one" with clang Apple LLVM 12.0.0 (clang-1200.0.32.29)

END.
